Watching for file changes with StatReloader
INFO 2025-07-23 21:18:45,613 autoreload 33464 32544 Watching for file changes with StatReloader
C:\Users\elvis\AppData\Local\Programs\Python\Python313\Lib\site-packages\coreapi\utils.py:5: UserWarning: pkg_resources is deprecated as an API. See https://setuptools.pypa.io/en/latest/pkg_resources.html. The pkg_resources package is slated for removal as early as 2025-11-30. Refrain from using this package or pin to Setuptools<81.
  import pkg_resources
D:\beenaya-soa\soa\services\tenant-service\tenants\views.py changed, reloading.
INFO 2025-07-23 21:22:12,049 autoreload 33464 32544 D:\beenaya-soa\soa\services\tenant-service\tenants\views.py changed, reloading.
Performing system checks...

System check identified no issues (0 silenced).
July 23, 2025 - 21:18:47
Django version 5.2, using settings 'tenant_service.settings'
Starting development server at http://0.0.0.0:8001/
Quit the server with CTRL-BREAK.

WARNING: This is a development server. Do not use it in a production setting. Use a production WSGI or ASGI server instead.
For more information on production servers see: https://docs.djangoproject.com/en/5.2/howto/deployment/
Watching for file changes with StatReloader
INFO 2025-07-23 21:22:12,822 autoreload 1600 8712 Watching for file changes with StatReloader
C:\Users\elvis\AppData\Local\Programs\Python\Python313\Lib\site-packages\coreapi\utils.py:5: UserWarning: pkg_resources is deprecated as an API. See https://setuptools.pypa.io/en/latest/pkg_resources.html. The pkg_resources package is slated for removal as early as 2025-11-30. Refrain from using this package or pin to Setuptools<81.
  import pkg_resources
D:\beenaya-soa\soa\services\tenant-service\tenants\views.py changed, reloading.
INFO 2025-07-23 21:25:44,545 autoreload 1600 8712 D:\beenaya-soa\soa\services\tenant-service\tenants\views.py changed, reloading.
Performing system checks...

System check identified no issues (0 silenced).
July 23, 2025 - 21:22:14
Django version 5.2, using settings 'tenant_service.settings'
Starting development server at http://0.0.0.0:8001/
Quit the server with CTRL-BREAK.

WARNING: This is a development server. Do not use it in a production setting. Use a production WSGI or ASGI server instead.
For more information on production servers see: https://docs.djangoproject.com/en/5.2/howto/deployment/
Watching for file changes with StatReloader
INFO 2025-07-23 21:25:45,286 autoreload 21832 33972 Watching for file changes with StatReloader
C:\Users\elvis\AppData\Local\Programs\Python\Python313\Lib\site-packages\coreapi\utils.py:5: UserWarning: pkg_resources is deprecated as an API. See https://setuptools.pypa.io/en/latest/pkg_resources.html. The pkg_resources package is slated for removal as early as 2025-11-30. Refrain from using this package or pin to Setuptools<81.
  import pkg_resources
D:\beenaya-soa\soa\services\tenant-service\tenants\views.py changed, reloading.
INFO 2025-07-23 21:29:06,208 autoreload 21832 33972 D:\beenaya-soa\soa\services\tenant-service\tenants\views.py changed, reloading.
Performing system checks...

System check identified no issues (0 silenced).
July 23, 2025 - 21:25:46
Django version 5.2, using settings 'tenant_service.settings'
Starting development server at http://0.0.0.0:8001/
Quit the server with CTRL-BREAK.

WARNING: This is a development server. Do not use it in a production setting. Use a production WSGI or ASGI server instead.
For more information on production servers see: https://docs.djangoproject.com/en/5.2/howto/deployment/
Watching for file changes with StatReloader
INFO 2025-07-23 21:29:06,984 autoreload 32800 31732 Watching for file changes with StatReloader
C:\Users\elvis\AppData\Local\Programs\Python\Python313\Lib\site-packages\coreapi\utils.py:5: UserWarning: pkg_resources is deprecated as an API. See https://setuptools.pypa.io/en/latest/pkg_resources.html. The pkg_resources package is slated for removal as early as 2025-11-30. Refrain from using this package or pin to Setuptools<81.
  import pkg_resources
D:\beenaya-soa\soa\services\tenant-service\tenants\models.py changed, reloading.
INFO 2025-07-24 09:38:00,387 autoreload 32800 31732 D:\beenaya-soa\soa\services\tenant-service\tenants\models.py changed, reloading.
Performing system checks...

System check identified no issues (0 silenced).
July 23, 2025 - 21:29:08
Django version 5.2, using settings 'tenant_service.settings'
Starting development server at http://0.0.0.0:8001/
Quit the server with CTRL-BREAK.

WARNING: This is a development server. Do not use it in a production setting. Use a production WSGI or ASGI server instead.
For more information on production servers see: https://docs.djangoproject.com/en/5.2/howto/deployment/
Watching for file changes with StatReloader
INFO 2025-07-24 09:38:01,695 autoreload 31480 32336 Watching for file changes with StatReloader
C:\Users\elvis\AppData\Local\Programs\Python\Python313\Lib\site-packages\coreapi\utils.py:5: UserWarning: pkg_resources is deprecated as an API. See https://setuptools.pypa.io/en/latest/pkg_resources.html. The pkg_resources package is slated for removal as early as 2025-11-30. Refrain from using this package or pin to Setuptools<81.
  import pkg_resources
D:\beenaya-soa\soa\services\tenant-service\tenants\views.py changed, reloading.
INFO 2025-07-24 09:38:25,929 autoreload 31480 32336 D:\beenaya-soa\soa\services\tenant-service\tenants\views.py changed, reloading.
Performing system checks...

System check identified no issues (0 silenced).
July 24, 2025 - 09:38:03
Django version 5.2, using settings 'tenant_service.settings'
Starting development server at http://0.0.0.0:8001/
Quit the server with CTRL-BREAK.

WARNING: This is a development server. Do not use it in a production setting. Use a production WSGI or ASGI server instead.
For more information on production servers see: https://docs.djangoproject.com/en/5.2/howto/deployment/
Watching for file changes with StatReloader
INFO 2025-07-24 09:38:26,926 autoreload 28292 32792 Watching for file changes with StatReloader
C:\Users\elvis\AppData\Local\Programs\Python\Python313\Lib\site-packages\coreapi\utils.py:5: UserWarning: pkg_resources is deprecated as an API. See https://setuptools.pypa.io/en/latest/pkg_resources.html. The pkg_resources package is slated for removal as early as 2025-11-30. Refrain from using this package or pin to Setuptools<81.
  import pkg_resources
D:\beenaya-soa\soa\services\tenant-service\tenants\views.py changed, reloading.
INFO 2025-07-24 09:39:03,660 autoreload 28292 32792 D:\beenaya-soa\soa\services\tenant-service\tenants\views.py changed, reloading.
Performing system checks...

System check identified no issues (0 silenced).
July 24, 2025 - 09:38:28
Django version 5.2, using settings 'tenant_service.settings'
Starting development server at http://0.0.0.0:8001/
Quit the server with CTRL-BREAK.

WARNING: This is a development server. Do not use it in a production setting. Use a production WSGI or ASGI server instead.
For more information on production servers see: https://docs.djangoproject.com/en/5.2/howto/deployment/
Watching for file changes with StatReloader
INFO 2025-07-24 09:39:04,611 autoreload 31440 15540 Watching for file changes with StatReloader
C:\Users\elvis\AppData\Local\Programs\Python\Python313\Lib\site-packages\coreapi\utils.py:5: UserWarning: pkg_resources is deprecated as an API. See https://setuptools.pypa.io/en/latest/pkg_resources.html. The pkg_resources package is slated for removal as early as 2025-11-30. Refrain from using this package or pin to Setuptools<81.
  import pkg_resources
D:\beenaya-soa\soa\services\tenant-service\tenants\serializers.py changed, reloading.
INFO 2025-07-24 09:52:44,643 autoreload 31440 15540 D:\beenaya-soa\soa\services\tenant-service\tenants\serializers.py changed, reloading.
Performing system checks...

System check identified no issues (0 silenced).
July 24, 2025 - 09:39:06
Django version 5.2, using settings 'tenant_service.settings'
Starting development server at http://0.0.0.0:8001/
Quit the server with CTRL-BREAK.

WARNING: This is a development server. Do not use it in a production setting. Use a production WSGI or ASGI server instead.
For more information on production servers see: https://docs.djangoproject.com/en/5.2/howto/deployment/
Watching for file changes with StatReloader
INFO 2025-07-24 09:52:45,605 autoreload 32524 32852 Watching for file changes with StatReloader
C:\Users\elvis\AppData\Local\Programs\Python\Python313\Lib\site-packages\coreapi\utils.py:5: UserWarning: pkg_resources is deprecated as an API. See https://setuptools.pypa.io/en/latest/pkg_resources.html. The pkg_resources package is slated for removal as early as 2025-11-30. Refrain from using this package or pin to Setuptools<81.
  import pkg_resources
D:\beenaya-soa\soa\services\tenant-service\tenants\views.py changed, reloading.
INFO 2025-07-24 10:53:22,335 autoreload 32524 32852 D:\beenaya-soa\soa\services\tenant-service\tenants\views.py changed, reloading.
Performing system checks...

System check identified no issues (0 silenced).
July 24, 2025 - 09:52:47
Django version 5.2, using settings 'tenant_service.settings'
Starting development server at http://0.0.0.0:8001/
Quit the server with CTRL-BREAK.

WARNING: This is a development server. Do not use it in a production setting. Use a production WSGI or ASGI server instead.
For more information on production servers see: https://docs.djangoproject.com/en/5.2/howto/deployment/
Watching for file changes with StatReloader
INFO 2025-07-24 10:53:23,223 autoreload 31824 33716 Watching for file changes with StatReloader
C:\Users\elvis\AppData\Local\Programs\Python\Python313\Lib\site-packages\coreapi\utils.py:5: UserWarning: pkg_resources is deprecated as an API. See https://setuptools.pypa.io/en/latest/pkg_resources.html. The pkg_resources package is slated for removal as early as 2025-11-30. Refrain from using this package or pin to Setuptools<81.
  import pkg_resources
D:\beenaya-soa\soa\services\tenant-service\tenants\urls.py changed, reloading.
INFO 2025-07-24 11:08:36,893 autoreload 31824 33716 D:\beenaya-soa\soa\services\tenant-service\tenants\urls.py changed, reloading.
Performing system checks...

System check identified no issues (0 silenced).
July 24, 2025 - 10:53:24
Django version 5.2, using settings 'tenant_service.settings'
Starting development server at http://0.0.0.0:8001/
Quit the server with CTRL-BREAK.

WARNING: This is a development server. Do not use it in a production setting. Use a production WSGI or ASGI server instead.
For more information on production servers see: https://docs.djangoproject.com/en/5.2/howto/deployment/
Watching for file changes with StatReloader
INFO 2025-07-24 11:08:37,751 autoreload 30220 33584 Watching for file changes with StatReloader
C:\Users\elvis\AppData\Local\Programs\Python\Python313\Lib\site-packages\coreapi\utils.py:5: UserWarning: pkg_resources is deprecated as an API. See https://setuptools.pypa.io/en/latest/pkg_resources.html. The pkg_resources package is slated for removal as early as 2025-11-30. Refrain from using this package or pin to Setuptools<81.
  import pkg_resources
Exception in thread django-main-thread:
Traceback (most recent call last):
  File "C:\Users\elvis\AppData\Local\Programs\Python\Python313\Lib\threading.py", line 1041, in _bootstrap_inner
    self.run()
    ~~~~~~~~^^
  File "C:\Users\elvis\AppData\Local\Programs\Python\Python313\Lib\threading.py", line 992, in run
    self._target(*self._args, **self._kwargs)
    ~~~~~~~~~~~~^^^^^^^^^^^^^^^^^^^^^^^^^^^^^
  File "C:\Users\elvis\AppData\Local\Programs\Python\Python313\Lib\site-packages\django\utils\autoreload.py", line 64, in wrapper
    fn(*args, **kwargs)
    ~~^^^^^^^^^^^^^^^^^
  File "C:\Users\elvis\AppData\Local\Programs\Python\Python313\Lib\site-packages\django\core\management\commands\runserver.py", line 134, in inner_run
    self.check(**check_kwargs)
    ~~~~~~~~~~^^^^^^^^^^^^^^^^
  File "C:\Users\elvis\AppData\Local\Programs\Python\Python313\Lib\site-packages\django\core\management\base.py", line 492, in check
    all_issues = checks.run_checks(
        app_configs=app_configs,
    ...<2 lines>...
        databases=databases,
    )
  File "C:\Users\elvis\AppData\Local\Programs\Python\Python313\Lib\site-packages\django\core\checks\registry.py", line 89, in run_checks
    new_errors = check(app_configs=app_configs, databases=databases)
  File "C:\Users\elvis\AppData\Local\Programs\Python\Python313\Lib\site-packages\django\core\checks\urls.py", line 44, in check_url_namespaces_unique
    all_namespaces = _load_all_namespaces(resolver)
  File "C:\Users\elvis\AppData\Local\Programs\Python\Python313\Lib\site-packages\django\core\checks\urls.py", line 63, in _load_all_namespaces
    url_patterns = getattr(resolver, "url_patterns", [])
  File "C:\Users\elvis\AppData\Local\Programs\Python\Python313\Lib\site-packages\django\utils\functional.py", line 47, in __get__
    res = instance.__dict__[self.name] = self.func(instance)
                                         ~~~~~~~~~^^^^^^^^^^
  File "C:\Users\elvis\AppData\Local\Programs\Python\Python313\Lib\site-packages\django\urls\resolvers.py", line 718, in url_patterns
    patterns = getattr(self.urlconf_module, "urlpatterns", self.urlconf_module)
                       ^^^^^^^^^^^^^^^^^^^
  File "C:\Users\elvis\AppData\Local\Programs\Python\Python313\Lib\site-packages\django\utils\functional.py", line 47, in __get__
    res = instance.__dict__[self.name] = self.func(instance)
                                         ~~~~~~~~~^^^^^^^^^^
  File "C:\Users\elvis\AppData\Local\Programs\Python\Python313\Lib\site-packages\django\urls\resolvers.py", line 711, in urlconf_module
    return import_module(self.urlconf_name)
  File "C:\Users\elvis\AppData\Local\Programs\Python\Python313\Lib\importlib\__init__.py", line 88, in import_module
    return _bootstrap._gcd_import(name[level:], package, level)
           ~~~~~~~~~~~~~~~~~~~~~~^^^^^^^^^^^^^^^^^^^^^^^^^^^^^^
  File "<frozen importlib._bootstrap>", line 1387, in _gcd_import
  File "<frozen importlib._bootstrap>", line 1360, in _find_and_load
  File "<frozen importlib._bootstrap>", line 1331, in _find_and_load_unlocked
  File "<frozen importlib._bootstrap>", line 935, in _load_unlocked
  File "<frozen importlib._bootstrap_external>", line 1026, in exec_module
  File "<frozen importlib._bootstrap>", line 488, in _call_with_frames_removed
  File "D:\beenaya-soa\soa\services\tenant-service\tenant_service\urls.py", line 38, in <module>
    path("api/", include('tenants.urls')),
                 ~~~~~~~^^^^^^^^^^^^^^^^
  File "C:\Users\elvis\AppData\Local\Programs\Python\Python313\Lib\site-packages\django\urls\conf.py", line 39, in include
    urlconf_module = import_module(urlconf_module)
  File "C:\Users\elvis\AppData\Local\Programs\Python\Python313\Lib\importlib\__init__.py", line 88, in import_module
    return _bootstrap._gcd_import(name[level:], package, level)
           ~~~~~~~~~~~~~~~~~~~~~~^^^^^^^^^^^^^^^^^^^^^^^^^^^^^^
  File "<frozen importlib._bootstrap>", line 1387, in _gcd_import
  File "<frozen importlib._bootstrap>", line 1360, in _find_and_load
  File "<frozen importlib._bootstrap>", line 1331, in _find_and_load_unlocked
  File "<frozen importlib._bootstrap>", line 935, in _load_unlocked
  File "<frozen importlib._bootstrap_external>", line 1026, in exec_module
  File "<frozen importlib._bootstrap>", line 488, in _call_with_frames_removed
  File "D:\beenaya-soa\soa\services\tenant-service\tenants\urls.py", line 3, in <module>
    from .views import (
    ...<4 lines>...
    )
ImportError: cannot import name 'tenant_vat_rates' from 'tenants.views' (D:\beenaya-soa\soa\services\tenant-service\tenants\views.py)
D:\beenaya-soa\soa\services\tenant-service\tenants\views.py changed, reloading.
INFO 2025-07-24 11:09:14,266 autoreload 30220 33584 D:\beenaya-soa\soa\services\tenant-service\tenants\views.py changed, reloading.
Performing system checks...

Watching for file changes with StatReloader
INFO 2025-07-24 11:09:15,754 autoreload 30292 12716 Watching for file changes with StatReloader
C:\Users\elvis\AppData\Local\Programs\Python\Python313\Lib\site-packages\coreapi\utils.py:5: UserWarning: pkg_resources is deprecated as an API. See https://setuptools.pypa.io/en/latest/pkg_resources.html. The pkg_resources package is slated for removal as early as 2025-11-30. Refrain from using this package or pin to Setuptools<81.
  import pkg_resources
D:\beenaya-soa\soa\services\tenant-service\tenants\urls.py changed, reloading.
INFO 2025-07-24 11:32:58,099 autoreload 30292 12716 D:\beenaya-soa\soa\services\tenant-service\tenants\urls.py changed, reloading.
Performing system checks...

System check identified no issues (0 silenced).
July 24, 2025 - 11:09:17
Django version 5.2, using settings 'tenant_service.settings'
Starting development server at http://0.0.0.0:8001/
Quit the server with CTRL-BREAK.

WARNING: This is a development server. Do not use it in a production setting. Use a production WSGI or ASGI server instead.
For more information on production servers see: https://docs.djangoproject.com/en/5.2/howto/deployment/
Watching for file changes with StatReloader
INFO 2025-07-24 11:32:58,871 autoreload 29200 28632 Watching for file changes with StatReloader
C:\Users\elvis\AppData\Local\Programs\Python\Python313\Lib\site-packages\coreapi\utils.py:5: UserWarning: pkg_resources is deprecated as an API. See https://setuptools.pypa.io/en/latest/pkg_resources.html. The pkg_resources package is slated for removal as early as 2025-11-30. Refrain from using this package or pin to Setuptools<81.
  import pkg_resources
D:\beenaya-soa\soa\services\tenant-service\tenants\urls.py changed, reloading.
INFO 2025-07-24 11:47:25,715 autoreload 29200 28632 D:\beenaya-soa\soa\services\tenant-service\tenants\urls.py changed, reloading.
Performing system checks...

System check identified no issues (0 silenced).
July 24, 2025 - 11:33:00
Django version 5.2, using settings 'tenant_service.settings'
Starting development server at http://0.0.0.0:8001/
Quit the server with CTRL-BREAK.

WARNING: This is a development server. Do not use it in a production setting. Use a production WSGI or ASGI server instead.
For more information on production servers see: https://docs.djangoproject.com/en/5.2/howto/deployment/
Watching for file changes with StatReloader
INFO 2025-07-24 11:47:26,414 autoreload 9884 28392 Watching for file changes with StatReloader
C:\Users\elvis\AppData\Local\Programs\Python\Python313\Lib\site-packages\coreapi\utils.py:5: UserWarning: pkg_resources is deprecated as an API. See https://setuptools.pypa.io/en/latest/pkg_resources.html. The pkg_resources package is slated for removal as early as 2025-11-30. Refrain from using this package or pin to Setuptools<81.
  import pkg_resources
Exception in thread django-main-thread:
Traceback (most recent call last):
  File "C:\Users\elvis\AppData\Local\Programs\Python\Python313\Lib\threading.py", line 1041, in _bootstrap_inner
    self.run()
    ~~~~~~~~^^
  File "C:\Users\elvis\AppData\Local\Programs\Python\Python313\Lib\threading.py", line 992, in run
    self._target(*self._args, **self._kwargs)
    ~~~~~~~~~~~~^^^^^^^^^^^^^^^^^^^^^^^^^^^^^
  File "C:\Users\elvis\AppData\Local\Programs\Python\Python313\Lib\site-packages\django\utils\autoreload.py", line 64, in wrapper
    fn(*args, **kwargs)
    ~~^^^^^^^^^^^^^^^^^
  File "C:\Users\elvis\AppData\Local\Programs\Python\Python313\Lib\site-packages\django\core\management\commands\runserver.py", line 134, in inner_run
    self.check(**check_kwargs)
    ~~~~~~~~~~^^^^^^^^^^^^^^^^
  File "C:\Users\elvis\AppData\Local\Programs\Python\Python313\Lib\site-packages\django\core\management\base.py", line 492, in check
    all_issues = checks.run_checks(
        app_configs=app_configs,
    ...<2 lines>...
        databases=databases,
    )
  File "C:\Users\elvis\AppData\Local\Programs\Python\Python313\Lib\site-packages\django\core\checks\registry.py", line 89, in run_checks
    new_errors = check(app_configs=app_configs, databases=databases)
  File "C:\Users\elvis\AppData\Local\Programs\Python\Python313\Lib\site-packages\django\core\checks\urls.py", line 44, in check_url_namespaces_unique
    all_namespaces = _load_all_namespaces(resolver)
  File "C:\Users\elvis\AppData\Local\Programs\Python\Python313\Lib\site-packages\django\core\checks\urls.py", line 63, in _load_all_namespaces
    url_patterns = getattr(resolver, "url_patterns", [])
  File "C:\Users\elvis\AppData\Local\Programs\Python\Python313\Lib\site-packages\django\utils\functional.py", line 47, in __get__
    res = instance.__dict__[self.name] = self.func(instance)
                                         ~~~~~~~~~^^^^^^^^^^
  File "C:\Users\elvis\AppData\Local\Programs\Python\Python313\Lib\site-packages\django\urls\resolvers.py", line 718, in url_patterns
    patterns = getattr(self.urlconf_module, "urlpatterns", self.urlconf_module)
                       ^^^^^^^^^^^^^^^^^^^
  File "C:\Users\elvis\AppData\Local\Programs\Python\Python313\Lib\site-packages\django\utils\functional.py", line 47, in __get__
    res = instance.__dict__[self.name] = self.func(instance)
                                         ~~~~~~~~~^^^^^^^^^^
  File "C:\Users\elvis\AppData\Local\Programs\Python\Python313\Lib\site-packages\django\urls\resolvers.py", line 711, in urlconf_module
    return import_module(self.urlconf_name)
  File "C:\Users\elvis\AppData\Local\Programs\Python\Python313\Lib\importlib\__init__.py", line 88, in import_module
    return _bootstrap._gcd_import(name[level:], package, level)
           ~~~~~~~~~~~~~~~~~~~~~~^^^^^^^^^^^^^^^^^^^^^^^^^^^^^^
  File "<frozen importlib._bootstrap>", line 1387, in _gcd_import
  File "<frozen importlib._bootstrap>", line 1360, in _find_and_load
  File "<frozen importlib._bootstrap>", line 1331, in _find_and_load_unlocked
  File "<frozen importlib._bootstrap>", line 935, in _load_unlocked
  File "<frozen importlib._bootstrap_external>", line 1026, in exec_module
  File "<frozen importlib._bootstrap>", line 488, in _call_with_frames_removed
  File "D:\beenaya-soa\soa\services\tenant-service\tenant_service\urls.py", line 38, in <module>
    path("api/", include('tenants.urls')),
                 ~~~~~~~^^^^^^^^^^^^^^^^
  File "C:\Users\elvis\AppData\Local\Programs\Python\Python313\Lib\site-packages\django\urls\conf.py", line 39, in include
    urlconf_module = import_module(urlconf_module)
  File "C:\Users\elvis\AppData\Local\Programs\Python\Python313\Lib\importlib\__init__.py", line 88, in import_module
    return _bootstrap._gcd_import(name[level:], package, level)
           ~~~~~~~~~~~~~~~~~~~~~~^^^^^^^^^^^^^^^^^^^^^^^^^^^^^^
  File "<frozen importlib._bootstrap>", line 1387, in _gcd_import
  File "<frozen importlib._bootstrap>", line 1360, in _find_and_load
  File "<frozen importlib._bootstrap>", line 1331, in _find_and_load_unlocked
  File "<frozen importlib._bootstrap>", line 935, in _load_unlocked
  File "<frozen importlib._bootstrap_external>", line 1026, in exec_module
  File "<frozen importlib._bootstrap>", line 488, in _call_with_frames_removed
  File "D:\beenaya-soa\soa\services\tenant-service\tenants\urls.py", line 3, in <module>
    from .views import (
    ...<4 lines>...
    )
ImportError: cannot import name 'tenant_payment_terms' from 'tenants.views' (D:\beenaya-soa\soa\services\tenant-service\tenants\views.py)
D:\beenaya-soa\soa\services\tenant-service\tenants\views.py changed, reloading.
INFO 2025-07-24 11:48:08,383 autoreload 9884 28392 D:\beenaya-soa\soa\services\tenant-service\tenants\views.py changed, reloading.
Performing system checks...

Watching for file changes with StatReloader
INFO 2025-07-24 11:48:09,265 autoreload 8244 26332 Watching for file changes with StatReloader
C:\Users\elvis\AppData\Local\Programs\Python\Python313\Lib\site-packages\coreapi\utils.py:5: UserWarning: pkg_resources is deprecated as an API. See https://setuptools.pypa.io/en/latest/pkg_resources.html. The pkg_resources package is slated for removal as early as 2025-11-30. Refrain from using this package or pin to Setuptools<81.
  import pkg_resources
D:\beenaya-soa\soa\services\tenant-service\tenants\models.py changed, reloading.
INFO 2025-07-24 14:05:22,220 autoreload 8244 26332 D:\beenaya-soa\soa\services\tenant-service\tenants\models.py changed, reloading.
Performing system checks...

System check identified no issues (0 silenced).
July 24, 2025 - 11:48:11
Django version 5.2, using settings 'tenant_service.settings'
Starting development server at http://0.0.0.0:8001/
Quit the server with CTRL-BREAK.

WARNING: This is a development server. Do not use it in a production setting. Use a production WSGI or ASGI server instead.
For more information on production servers see: https://docs.djangoproject.com/en/5.2/howto/deployment/
Watching for file changes with StatReloader
INFO 2025-07-24 14:05:23,348 autoreload 9788 14164 Watching for file changes with StatReloader
C:\Users\elvis\AppData\Local\Programs\Python\Python313\Lib\site-packages\coreapi\utils.py:5: UserWarning: pkg_resources is deprecated as an API. See https://setuptools.pypa.io/en/latest/pkg_resources.html. The pkg_resources package is slated for removal as early as 2025-11-30. Refrain from using this package or pin to Setuptools<81.
  import pkg_resources
D:\beenaya-soa\soa\services\tenant-service\tenants\serializers.py changed, reloading.
INFO 2025-07-24 14:07:01,833 autoreload 9788 14164 D:\beenaya-soa\soa\services\tenant-service\tenants\serializers.py changed, reloading.
Performing system checks...

System check identified no issues (0 silenced).
July 24, 2025 - 14:05:25
Django version 5.2, using settings 'tenant_service.settings'
Starting development server at http://0.0.0.0:8001/
Quit the server with CTRL-BREAK.

WARNING: This is a development server. Do not use it in a production setting. Use a production WSGI or ASGI server instead.
For more information on production servers see: https://docs.djangoproject.com/en/5.2/howto/deployment/
Watching for file changes with StatReloader
INFO 2025-07-24 14:07:02,775 autoreload 10304 21404 Watching for file changes with StatReloader
C:\Users\elvis\AppData\Local\Programs\Python\Python313\Lib\site-packages\coreapi\utils.py:5: UserWarning: pkg_resources is deprecated as an API. See https://setuptools.pypa.io/en/latest/pkg_resources.html. The pkg_resources package is slated for removal as early as 2025-11-30. Refrain from using this package or pin to Setuptools<81.
  import pkg_resources
D:\beenaya-soa\soa\services\tenant-service\tenants\urls.py changed, reloading.
INFO 2025-07-24 14:08:01,534 autoreload 10304 21404 D:\beenaya-soa\soa\services\tenant-service\tenants\urls.py changed, reloading.
Performing system checks...

System check identified no issues (0 silenced).

You have 1 unapplied migration(s). Your project may not work properly until you apply the migrations for app(s): tenants.
Run 'python manage.py migrate' to apply them.
July 24, 2025 - 14:07:04
Django version 5.2, using settings 'tenant_service.settings'
Starting development server at http://0.0.0.0:8001/
Quit the server with CTRL-BREAK.

WARNING: This is a development server. Do not use it in a production setting. Use a production WSGI or ASGI server instead.
For more information on production servers see: https://docs.djangoproject.com/en/5.2/howto/deployment/
Watching for file changes with StatReloader
INFO 2025-07-24 14:08:02,500 autoreload 32956 29040 Watching for file changes with StatReloader
C:\Users\elvis\AppData\Local\Programs\Python\Python313\Lib\site-packages\coreapi\utils.py:5: UserWarning: pkg_resources is deprecated as an API. See https://setuptools.pypa.io/en/latest/pkg_resources.html. The pkg_resources package is slated for removal as early as 2025-11-30. Refrain from using this package or pin to Setuptools<81.
  import pkg_resources
D:\beenaya-soa\soa\services\tenant-service\tenants\urls.py changed, reloading.
INFO 2025-07-24 14:08:17,379 autoreload 32956 29040 D:\beenaya-soa\soa\services\tenant-service\tenants\urls.py changed, reloading.
Performing system checks...

System check identified no issues (0 silenced).

You have 1 unapplied migration(s). Your project may not work properly until you apply the migrations for app(s): tenants.
Run 'python manage.py migrate' to apply them.
July 24, 2025 - 14:08:04
Django version 5.2, using settings 'tenant_service.settings'
Starting development server at http://0.0.0.0:8001/
Quit the server with CTRL-BREAK.

WARNING: This is a development server. Do not use it in a production setting. Use a production WSGI or ASGI server instead.
For more information on production servers see: https://docs.djangoproject.com/en/5.2/howto/deployment/
Watching for file changes with StatReloader
INFO 2025-07-24 14:08:18,319 autoreload 34524 7308 Watching for file changes with StatReloader
C:\Users\elvis\AppData\Local\Programs\Python\Python313\Lib\site-packages\coreapi\utils.py:5: UserWarning: pkg_resources is deprecated as an API. See https://setuptools.pypa.io/en/latest/pkg_resources.html. The pkg_resources package is slated for removal as early as 2025-11-30. Refrain from using this package or pin to Setuptools<81.
  import pkg_resources
D:\beenaya-soa\soa\services\tenant-service\tenants\views_document_appearance.py changed, reloading.
INFO 2025-07-24 15:02:03,876 autoreload 34524 7308 D:\beenaya-soa\soa\services\tenant-service\tenants\views_document_appearance.py changed, reloading.
Performing system checks...

System check identified no issues (0 silenced).

You have 1 unapplied migration(s). Your project may not work properly until you apply the migrations for app(s): tenants.
Run 'python manage.py migrate' to apply them.
July 24, 2025 - 14:08:20
Django version 5.2, using settings 'tenant_service.settings'
Starting development server at http://0.0.0.0:8001/
Quit the server with CTRL-BREAK.

WARNING: This is a development server. Do not use it in a production setting. Use a production WSGI or ASGI server instead.
For more information on production servers see: https://docs.djangoproject.com/en/5.2/howto/deployment/
Watching for file changes with StatReloader
INFO 2025-07-24 15:02:04,852 autoreload 25920 3548 Watching for file changes with StatReloader
C:\Users\elvis\AppData\Local\Programs\Python\Python313\Lib\site-packages\coreapi\utils.py:5: UserWarning: pkg_resources is deprecated as an API. See https://setuptools.pypa.io/en/latest/pkg_resources.html. The pkg_resources package is slated for removal as early as 2025-11-30. Refrain from using this package or pin to Setuptools<81.
  import pkg_resources
D:\beenaya-soa\soa\services\tenant-service\tenants\urls.py changed, reloading.
INFO 2025-07-24 15:02:16,332 autoreload 25920 3548 D:\beenaya-soa\soa\services\tenant-service\tenants\urls.py changed, reloading.
Performing system checks...

System check identified no issues (0 silenced).
July 24, 2025 - 15:02:06
Django version 5.2, using settings 'tenant_service.settings'
Starting development server at http://0.0.0.0:8001/
Quit the server with CTRL-BREAK.

WARNING: This is a development server. Do not use it in a production setting. Use a production WSGI or ASGI server instead.
For more information on production servers see: https://docs.djangoproject.com/en/5.2/howto/deployment/
Watching for file changes with StatReloader
INFO 2025-07-24 15:02:17,265 autoreload 10948 4728 Watching for file changes with StatReloader
C:\Users\elvis\AppData\Local\Programs\Python\Python313\Lib\site-packages\coreapi\utils.py:5: UserWarning: pkg_resources is deprecated as an API. See https://setuptools.pypa.io/en/latest/pkg_resources.html. The pkg_resources package is slated for removal as early as 2025-11-30. Refrain from using this package or pin to Setuptools<81.
  import pkg_resources
D:\beenaya-soa\soa\services\tenant-service\tenants\urls.py changed, reloading.
INFO 2025-07-24 15:02:29,862 autoreload 10948 4728 D:\beenaya-soa\soa\services\tenant-service\tenants\urls.py changed, reloading.
Performing system checks...

System check identified no issues (0 silenced).
July 24, 2025 - 15:02:18
Django version 5.2, using settings 'tenant_service.settings'
Starting development server at http://0.0.0.0:8001/
Quit the server with CTRL-BREAK.

WARNING: This is a development server. Do not use it in a production setting. Use a production WSGI or ASGI server instead.
For more information on production servers see: https://docs.djangoproject.com/en/5.2/howto/deployment/
Watching for file changes with StatReloader
INFO 2025-07-24 15:02:30,707 autoreload 29676 28808 Watching for file changes with StatReloader
C:\Users\elvis\AppData\Local\Programs\Python\Python313\Lib\site-packages\coreapi\utils.py:5: UserWarning: pkg_resources is deprecated as an API. See https://setuptools.pypa.io/en/latest/pkg_resources.html. The pkg_resources package is slated for removal as early as 2025-11-30. Refrain from using this package or pin to Setuptools<81.
  import pkg_resources
D:\beenaya-soa\soa\services\tenant-service\tenants\views_document_appearance.py changed, reloading.
INFO 2025-07-24 15:06:35,216 autoreload 29676 28808 D:\beenaya-soa\soa\services\tenant-service\tenants\views_document_appearance.py changed, reloading.
Performing system checks...

System check identified no issues (0 silenced).
July 24, 2025 - 15:02:32
Django version 5.2, using settings 'tenant_service.settings'
Starting development server at http://0.0.0.0:8001/
Quit the server with CTRL-BREAK.

WARNING: This is a development server. Do not use it in a production setting. Use a production WSGI or ASGI server instead.
For more information on production servers see: https://docs.djangoproject.com/en/5.2/howto/deployment/
Watching for file changes with StatReloader
INFO 2025-07-24 15:06:36,221 autoreload 32744 33660 Watching for file changes with StatReloader
C:\Users\elvis\AppData\Local\Programs\Python\Python313\Lib\site-packages\coreapi\utils.py:5: UserWarning: pkg_resources is deprecated as an API. See https://setuptools.pypa.io/en/latest/pkg_resources.html. The pkg_resources package is slated for removal as early as 2025-11-30. Refrain from using this package or pin to Setuptools<81.
  import pkg_resources
D:\beenaya-soa\soa\services\tenant-service\tenants\views_document_appearance.py changed, reloading.
INFO 2025-07-24 15:06:43,701 autoreload 32744 33660 D:\beenaya-soa\soa\services\tenant-service\tenants\views_document_appearance.py changed, reloading.
Performing system checks...

System check identified no issues (0 silenced).
July 24, 2025 - 15:06:37
Django version 5.2, using settings 'tenant_service.settings'
Starting development server at http://0.0.0.0:8001/
Quit the server with CTRL-BREAK.

WARNING: This is a development server. Do not use it in a production setting. Use a production WSGI or ASGI server instead.
For more information on production servers see: https://docs.djangoproject.com/en/5.2/howto/deployment/
Watching for file changes with StatReloader
INFO 2025-07-24 15:06:44,543 autoreload 34788 29228 Watching for file changes with StatReloader
C:\Users\elvis\AppData\Local\Programs\Python\Python313\Lib\site-packages\coreapi\utils.py:5: UserWarning: pkg_resources is deprecated as an API. See https://setuptools.pypa.io/en/latest/pkg_resources.html. The pkg_resources package is slated for removal as early as 2025-11-30. Refrain from using this package or pin to Setuptools<81.
  import pkg_resources
D:\beenaya-soa\soa\services\tenant-service\tenants\views_document_appearance.py changed, reloading.
INFO 2025-07-24 15:06:55,002 autoreload 34788 29228 D:\beenaya-soa\soa\services\tenant-service\tenants\views_document_appearance.py changed, reloading.
Performing system checks...

System check identified no issues (0 silenced).
July 24, 2025 - 15:06:46
Django version 5.2, using settings 'tenant_service.settings'
Starting development server at http://0.0.0.0:8001/
Quit the server with CTRL-BREAK.

WARNING: This is a development server. Do not use it in a production setting. Use a production WSGI or ASGI server instead.
For more information on production servers see: https://docs.djangoproject.com/en/5.2/howto/deployment/
Watching for file changes with StatReloader
INFO 2025-07-24 15:06:55,928 autoreload 13284 26324 Watching for file changes with StatReloader
C:\Users\elvis\AppData\Local\Programs\Python\Python313\Lib\site-packages\coreapi\utils.py:5: UserWarning: pkg_resources is deprecated as an API. See https://setuptools.pypa.io/en/latest/pkg_resources.html. The pkg_resources package is slated for removal as early as 2025-11-30. Refrain from using this package or pin to Setuptools<81.
  import pkg_resources
D:\beenaya-soa\soa\services\tenant-service\tenants\views_document_appearance.py changed, reloading.
INFO 2025-07-24 15:07:00,230 autoreload 13284 26324 D:\beenaya-soa\soa\services\tenant-service\tenants\views_document_appearance.py changed, reloading.
Performing system checks...

System check identified no issues (0 silenced).
July 24, 2025 - 15:06:57
Django version 5.2, using settings 'tenant_service.settings'
Starting development server at http://0.0.0.0:8001/
Quit the server with CTRL-BREAK.

WARNING: This is a development server. Do not use it in a production setting. Use a production WSGI or ASGI server instead.
For more information on production servers see: https://docs.djangoproject.com/en/5.2/howto/deployment/
Watching for file changes with StatReloader
INFO 2025-07-24 15:07:01,136 autoreload 25356 32792 Watching for file changes with StatReloader
C:\Users\elvis\AppData\Local\Programs\Python\Python313\Lib\site-packages\coreapi\utils.py:5: UserWarning: pkg_resources is deprecated as an API. See https://setuptools.pypa.io/en/latest/pkg_resources.html. The pkg_resources package is slated for removal as early as 2025-11-30. Refrain from using this package or pin to Setuptools<81.
  import pkg_resources
D:\beenaya-soa\soa\services\tenant-service\tenants\views_document_appearance.py changed, reloading.
INFO 2025-07-24 15:07:07,471 autoreload 25356 32792 D:\beenaya-soa\soa\services\tenant-service\tenants\views_document_appearance.py changed, reloading.
Performing system checks...

System check identified no issues (0 silenced).
July 24, 2025 - 15:07:02
Django version 5.2, using settings 'tenant_service.settings'
Starting development server at http://0.0.0.0:8001/
Quit the server with CTRL-BREAK.

WARNING: This is a development server. Do not use it in a production setting. Use a production WSGI or ASGI server instead.
For more information on production servers see: https://docs.djangoproject.com/en/5.2/howto/deployment/
Watching for file changes with StatReloader
INFO 2025-07-24 15:07:08,366 autoreload 30180 1968 Watching for file changes with StatReloader
C:\Users\elvis\AppData\Local\Programs\Python\Python313\Lib\site-packages\coreapi\utils.py:5: UserWarning: pkg_resources is deprecated as an API. See https://setuptools.pypa.io/en/latest/pkg_resources.html. The pkg_resources package is slated for removal as early as 2025-11-30. Refrain from using this package or pin to Setuptools<81.
  import pkg_resources
D:\beenaya-soa\soa\services\tenant-service\tenants\views.py changed, reloading.
INFO 2025-07-24 18:48:50,266 autoreload 30180 1968 D:\beenaya-soa\soa\services\tenant-service\tenants\views.py changed, reloading.
Performing system checks...

System check identified no issues (0 silenced).
July 24, 2025 - 15:07:10
Django version 5.2, using settings 'tenant_service.settings'
Starting development server at http://0.0.0.0:8001/
Quit the server with CTRL-BREAK.

WARNING: This is a development server. Do not use it in a production setting. Use a production WSGI or ASGI server instead.
For more information on production servers see: https://docs.djangoproject.com/en/5.2/howto/deployment/
Watching for file changes with StatReloader
INFO 2025-07-24 18:48:51,975 autoreload 28708 33644 Watching for file changes with StatReloader
C:\Users\elvis\AppData\Local\Programs\Python\Python313\Lib\site-packages\coreapi\utils.py:5: UserWarning: pkg_resources is deprecated as an API. See https://setuptools.pypa.io/en/latest/pkg_resources.html. The pkg_resources package is slated for removal as early as 2025-11-30. Refrain from using this package or pin to Setuptools<81.
  import pkg_resources
D:\beenaya-soa\soa\services\tenant-service\tenants\views_document_appearance.py changed, reloading.
INFO 2025-07-24 18:50:57,300 autoreload 28708 33644 D:\beenaya-soa\soa\services\tenant-service\tenants\views_document_appearance.py changed, reloading.
Performing system checks...

System check identified no issues (0 silenced).
July 24, 2025 - 18:48:53
Django version 5.2, using settings 'tenant_service.settings'
Starting development server at http://0.0.0.0:8001/
Quit the server with CTRL-BREAK.

WARNING: This is a development server. Do not use it in a production setting. Use a production WSGI or ASGI server instead.
For more information on production servers see: https://docs.djangoproject.com/en/5.2/howto/deployment/
Watching for file changes with StatReloader
INFO 2025-07-24 18:50:58,314 autoreload 26620 34760 Watching for file changes with StatReloader
C:\Users\elvis\AppData\Local\Programs\Python\Python313\Lib\site-packages\coreapi\utils.py:5: UserWarning: pkg_resources is deprecated as an API. See https://setuptools.pypa.io/en/latest/pkg_resources.html. The pkg_resources package is slated for removal as early as 2025-11-30. Refrain from using this package or pin to Setuptools<81.
  import pkg_resources
D:\beenaya-soa\soa\services\tenant-service\tenants\views_document_appearance.py changed, reloading.
INFO 2025-07-24 18:51:18,166 autoreload 26620 34760 D:\beenaya-soa\soa\services\tenant-service\tenants\views_document_appearance.py changed, reloading.
Performing system checks...

System check identified no issues (0 silenced).
July 24, 2025 - 18:50:59
Django version 5.2, using settings 'tenant_service.settings'
Starting development server at http://0.0.0.0:8001/
Quit the server with CTRL-BREAK.

WARNING: This is a development server. Do not use it in a production setting. Use a production WSGI or ASGI server instead.
For more information on production servers see: https://docs.djangoproject.com/en/5.2/howto/deployment/
Watching for file changes with StatReloader
INFO 2025-07-24 18:51:19,089 autoreload 18044 19504 Watching for file changes with StatReloader
C:\Users\elvis\AppData\Local\Programs\Python\Python313\Lib\site-packages\coreapi\utils.py:5: UserWarning: pkg_resources is deprecated as an API. See https://setuptools.pypa.io/en/latest/pkg_resources.html. The pkg_resources package is slated for removal as early as 2025-11-30. Refrain from using this package or pin to Setuptools<81.
  import pkg_resources
D:\beenaya-soa\soa\services\tenant-service\tenants\models.py changed, reloading.
INFO 2025-07-24 18:51:38,898 autoreload 18044 19504 D:\beenaya-soa\soa\services\tenant-service\tenants\models.py changed, reloading.
Performing system checks...

System check identified no issues (0 silenced).
July 24, 2025 - 18:51:20
Django version 5.2, using settings 'tenant_service.settings'
Starting development server at http://0.0.0.0:8001/
Quit the server with CTRL-BREAK.

WARNING: This is a development server. Do not use it in a production setting. Use a production WSGI or ASGI server instead.
For more information on production servers see: https://docs.djangoproject.com/en/5.2/howto/deployment/
Watching for file changes with StatReloader
INFO 2025-07-24 18:51:40,348 autoreload 15080 32008 Watching for file changes with StatReloader
C:\Users\elvis\AppData\Local\Programs\Python\Python313\Lib\site-packages\coreapi\utils.py:5: UserWarning: pkg_resources is deprecated as an API. See https://setuptools.pypa.io/en/latest/pkg_resources.html. The pkg_resources package is slated for removal as early as 2025-11-30. Refrain from using this package or pin to Setuptools<81.
  import pkg_resources
D:\beenaya-soa\soa\services\tenant-service\tenants\models.py changed, reloading.
INFO 2025-07-24 19:05:27,121 autoreload 15080 32008 D:\beenaya-soa\soa\services\tenant-service\tenants\models.py changed, reloading.
Performing system checks...

System check identified no issues (0 silenced).
July 24, 2025 - 18:51:42
Django version 5.2, using settings 'tenant_service.settings'
Starting development server at http://0.0.0.0:8001/
Quit the server with CTRL-BREAK.

WARNING: This is a development server. Do not use it in a production setting. Use a production WSGI or ASGI server instead.
For more information on production servers see: https://docs.djangoproject.com/en/5.2/howto/deployment/
Watching for file changes with StatReloader
INFO 2025-07-24 19:05:28,174 autoreload 24616 34556 Watching for file changes with StatReloader
C:\Users\elvis\AppData\Local\Programs\Python\Python313\Lib\site-packages\coreapi\utils.py:5: UserWarning: pkg_resources is deprecated as an API. See https://setuptools.pypa.io/en/latest/pkg_resources.html. The pkg_resources package is slated for removal as early as 2025-11-30. Refrain from using this package or pin to Setuptools<81.
  import pkg_resources
D:\beenaya-soa\soa\services\tenant-service\tenants\views_document_appearance.py changed, reloading.
INFO 2025-07-24 19:06:38,327 autoreload 24616 34556 D:\beenaya-soa\soa\services\tenant-service\tenants\views_document_appearance.py changed, reloading.
Performing system checks...

System check identified no issues (0 silenced).
July 24, 2025 - 19:05:29
Django version 5.2, using settings 'tenant_service.settings'
Starting development server at http://0.0.0.0:8001/
Quit the server with CTRL-BREAK.

WARNING: This is a development server. Do not use it in a production setting. Use a production WSGI or ASGI server instead.
For more information on production servers see: https://docs.djangoproject.com/en/5.2/howto/deployment/
Watching for file changes with StatReloader
INFO 2025-07-24 19:06:39,123 autoreload 19896 1988 Watching for file changes with StatReloader
C:\Users\elvis\AppData\Local\Programs\Python\Python313\Lib\site-packages\coreapi\utils.py:5: UserWarning: pkg_resources is deprecated as an API. See https://setuptools.pypa.io/en/latest/pkg_resources.html. The pkg_resources package is slated for removal as early as 2025-11-30. Refrain from using this package or pin to Setuptools<81.
  import pkg_resources
D:\beenaya-soa\soa\services\tenant-service\tenants\views_document_appearance.py changed, reloading.
INFO 2025-07-24 19:06:45,457 autoreload 19896 1988 D:\beenaya-soa\soa\services\tenant-service\tenants\views_document_appearance.py changed, reloading.
Performing system checks...

System check identified no issues (0 silenced).

You have 1 unapplied migration(s). Your project may not work properly until you apply the migrations for app(s): tenants.
Run 'python manage.py migrate' to apply them.
July 24, 2025 - 19:06:40
Django version 5.2, using settings 'tenant_service.settings'
Starting development server at http://0.0.0.0:8001/
Quit the server with CTRL-BREAK.

WARNING: This is a development server. Do not use it in a production setting. Use a production WSGI or ASGI server instead.
For more information on production servers see: https://docs.djangoproject.com/en/5.2/howto/deployment/
Watching for file changes with StatReloader
INFO 2025-07-24 19:06:46,358 autoreload 32732 29728 Watching for file changes with StatReloader
C:\Users\elvis\AppData\Local\Programs\Python\Python313\Lib\site-packages\coreapi\utils.py:5: UserWarning: pkg_resources is deprecated as an API. See https://setuptools.pypa.io/en/latest/pkg_resources.html. The pkg_resources package is slated for removal as early as 2025-11-30. Refrain from using this package or pin to Setuptools<81.
  import pkg_resources
INFO 2025-07-24 19:06:54,123 views_document_appearance 32732 22608 Appel à tenant_document_appearance - Méthode: GET
ERROR 2025-07-24 19:06:54,213 views_document_appearance 32732 22608 Erreur lors de la gestion de l'apparence: ERREUR:  la colonne tenant_document_appearance.show_company_name n'existe pas
LINE 1: ...color", "tenant_document_appearance"."show_logo", "tenant_do...
                                                             ^

Internal Server Error: /api/document_appearance/
ERROR 2025-07-24 19:06:54,214 log 32732 22608 Internal Server Error: /api/document_appearance/
[24/Jul/2025 19:06:54] "GET /api/document_appearance/ HTTP/1.1" 500 263
[24/Jul/2025 19:06:54] "GET /api/document_appearance/defaults/ HTTP/1.1" 200 727
[24/Jul/2025 19:06:55] "GET /api/document_appearance/colors/ HTTP/1.1" 200 258
[24/Jul/2025 19:06:55] "GET /api/document_appearance/presets/ HTTP/1.1" 200 3716
INFO 2025-07-24 19:06:55,835 views 32732 31184 Appel à current_tenant_info - Méthode: GET - Headers: {'Content-Length': '', 'Content-Type': 'text/plain', 'Host': 'localhost:8001', 'Connection': 'keep-alive', 'Pragma': 'no-cache', 'Cache-Control': 'no-cache', 'Sec-Ch-Ua-Platform': '"Android"', 'Authorization': 'Bearer eyJhbGciOiJIUzI1NiIsInR5cCI6IkpXVCJ9.eyJ0b2tlbl90eXBlIjoiYWNjZXNzIiwiZXhwIjoxNzUzMzcwNDA4LCJpYXQiOjE3NTMzNjI4MzcsImp0aSI6ImY2MjUzZThmODViZDRlNzhhNmIxZWU0YTM3NGIzOWJlIiwidXNlcl9pZCI6IjVjODQ0ODAxLWQwYzktNDBjMi04NWI4LTMxNGVhZGFhNGM5ZCIsInRlbmFudF9pZCI6ImU5OGY2Y2I2LTEzMDUtNDkwYS05YzQxLTJmYWI4NGYxYmI4MCIsImVtYWlsIjoiYXJvbm53aW5uZXJAYmVlbmF5YS5jb20iLCJpc192ZXJpZmllZCI6ZmFsc2UsImZ1bGxfbmFtZSI6IkFyb25uIFdpbm5lciJ9.mR6_EanA_6ZilG9CNP4MZ453DC-zC7G9Dlwu-r9pk08', 'User-Agent': 'Mozilla/5.0 (Linux; Android 6.0; Nexus 5 Build/MRA58N) AppleWebKit/537.36 (KHTML, like Gecko) Chrome/138.0.0.0 Mobile Safari/537.36', 'Accept': 'application/json, text/plain, */*', 'Sec-Ch-Ua': '"Not)A;Brand";v="8", "Chromium";v="138", "Google Chrome";v="138"', 'X-Tenant-Id': 'e98f6cb6-1305-490a-9c41-2fab84f1bb80', 'Sec-Ch-Ua-Mobile': '?1', 'Origin': 'http://localhost:8080', 'Sec-Fetch-Site': 'same-site', 'Sec-Fetch-Mode': 'cors', 'Sec-Fetch-Dest': 'empty', 'Referer': 'http://localhost:8080/', 'Accept-Encoding': 'gzip, deflate, br, zstd', 'Accept-Language': 'fr-FR,fr;q=0.9,en-US;q=0.8,en;q=0.7'}
INFO 2025-07-24 19:06:55,835 views 32732 31184 Appel à current_tenant_info - URL: /api/tenants/current_tenant_info/
ERROR 2025-07-24 19:06:55,895 views 32732 31184 Erreur lors du traitement de current_tenant_info: ERREUR:  la colonne tenant_document_appearance.show_company_name n'existe pas
LINE 1: ...color", "tenant_document_appearance"."show_logo", "tenant_do...
                                                             ^

Internal Server Error: /api/tenants/current_tenant_info/
ERROR 2025-07-24 19:06:55,895 log 32732 31184 Internal Server Error: /api/tenants/current_tenant_info/
[24/Jul/2025 19:06:55] "GET /api/tenants/current_tenant_info/ HTTP/1.1" 500 238
INFO 2025-07-24 19:07:20,074 views_document_appearance 32732 24964 Appel à tenant_document_appearance - Méthode: GET
INFO 2025-07-24 19:07:20,075 views_document_appearance 32732 34532 Appel à tenant_document_appearance - Méthode: GET
ERROR 2025-07-24 19:07:20,116 views_document_appearance 32732 24964 Erreur lors de la gestion de l'apparence: ERREUR:  la colonne tenant_document_appearance.show_company_name n'existe pas
LINE 1: ...color", "tenant_document_appearance"."show_logo", "tenant_do...
                                                             ^

Internal Server Error: /api/document_appearance/
ERROR 2025-07-24 19:07:20,116 log 32732 24964 Internal Server Error: /api/document_appearance/
[24/Jul/2025 19:07:20] "GET /api/document_appearance/ HTTP/1.1" 500 263
ERROR 2025-07-24 19:07:20,230 views_document_appearance 32732 34532 Erreur lors de la gestion de l'apparence: ERREUR:  la colonne tenant_document_appearance.show_company_name n'existe pas
LINE 1: ...color", "tenant_document_appearance"."show_logo", "tenant_do...
                                                             ^

Internal Server Error: /api/document_appearance/
ERROR 2025-07-24 19:07:20,230 log 32732 34532 Internal Server Error: /api/document_appearance/
[24/Jul/2025 19:07:20] "GET /api/document_appearance/ HTTP/1.1" 500 263
[24/Jul/2025 19:07:20] "GET /api/document_appearance/defaults/ HTTP/1.1" 200 727
[24/Jul/2025 19:07:20] "GET /api/document_appearance/defaults/ HTTP/1.1" 200 727
[24/Jul/2025 19:07:22] "GET /api/document_appearance/colors/ HTTP/1.1" 200 258
[24/Jul/2025 19:07:22] "GET /api/document_appearance/presets/ HTTP/1.1" 200 3716
INFO 2025-07-24 19:07:22,684 views 32732 18112 Appel à current_tenant_info - Méthode: GET - Headers: {'Content-Length': '', 'Content-Type': 'text/plain', 'Host': 'localhost:8001', 'Connection': 'keep-alive', 'Pragma': 'no-cache', 'Cache-Control': 'no-cache', 'Sec-Ch-Ua-Platform': '"Android"', 'Authorization': 'Bearer eyJhbGciOiJIUzI1NiIsInR5cCI6IkpXVCJ9.eyJ0b2tlbl90eXBlIjoiYWNjZXNzIiwiZXhwIjoxNzUzMzcwNDA4LCJpYXQiOjE3NTMzNjI4MzcsImp0aSI6ImY2MjUzZThmODViZDRlNzhhNmIxZWU0YTM3NGIzOWJlIiwidXNlcl9pZCI6IjVjODQ0ODAxLWQwYzktNDBjMi04NWI4LTMxNGVhZGFhNGM5ZCIsInRlbmFudF9pZCI6ImU5OGY2Y2I2LTEzMDUtNDkwYS05YzQxLTJmYWI4NGYxYmI4MCIsImVtYWlsIjoiYXJvbm53aW5uZXJAYmVlbmF5YS5jb20iLCJpc192ZXJpZmllZCI6ZmFsc2UsImZ1bGxfbmFtZSI6IkFyb25uIFdpbm5lciJ9.mR6_EanA_6ZilG9CNP4MZ453DC-zC7G9Dlwu-r9pk08', 'User-Agent': 'Mozilla/5.0 (Linux; Android 6.0; Nexus 5 Build/MRA58N) AppleWebKit/537.36 (KHTML, like Gecko) Chrome/138.0.0.0 Mobile Safari/537.36', 'Accept': 'application/json, text/plain, */*', 'Sec-Ch-Ua': '"Not)A;Brand";v="8", "Chromium";v="138", "Google Chrome";v="138"', 'X-Tenant-Id': 'e98f6cb6-1305-490a-9c41-2fab84f1bb80', 'Sec-Ch-Ua-Mobile': '?1', 'Origin': 'http://localhost:8080', 'Sec-Fetch-Site': 'same-site', 'Sec-Fetch-Mode': 'cors', 'Sec-Fetch-Dest': 'empty', 'Referer': 'http://localhost:8080/', 'Accept-Encoding': 'gzip, deflate, br, zstd', 'Accept-Language': 'fr-FR,fr;q=0.9,en-US;q=0.8,en;q=0.7'}
INFO 2025-07-24 19:07:22,685 views 32732 30044 Appel à current_tenant_info - Méthode: GET - Headers: {'Content-Length': '', 'Content-Type': 'text/plain', 'Host': 'localhost:8001', 'Connection': 'keep-alive', 'Pragma': 'no-cache', 'Cache-Control': 'no-cache', 'Sec-Ch-Ua-Platform': '"Android"', 'Authorization': 'Bearer eyJhbGciOiJIUzI1NiIsInR5cCI6IkpXVCJ9.eyJ0b2tlbl90eXBlIjoiYWNjZXNzIiwiZXhwIjoxNzUzMzcwNDA4LCJpYXQiOjE3NTMzNjI4MzcsImp0aSI6ImY2MjUzZThmODViZDRlNzhhNmIxZWU0YTM3NGIzOWJlIiwidXNlcl9pZCI6IjVjODQ0ODAxLWQwYzktNDBjMi04NWI4LTMxNGVhZGFhNGM5ZCIsInRlbmFudF9pZCI6ImU5OGY2Y2I2LTEzMDUtNDkwYS05YzQxLTJmYWI4NGYxYmI4MCIsImVtYWlsIjoiYXJvbm53aW5uZXJAYmVlbmF5YS5jb20iLCJpc192ZXJpZmllZCI6ZmFsc2UsImZ1bGxfbmFtZSI6IkFyb25uIFdpbm5lciJ9.mR6_EanA_6ZilG9CNP4MZ453DC-zC7G9Dlwu-r9pk08', 'User-Agent': 'Mozilla/5.0 (Linux; Android 6.0; Nexus 5 Build/MRA58N) AppleWebKit/537.36 (KHTML, like Gecko) Chrome/138.0.0.0 Mobile Safari/537.36', 'Accept': 'application/json, text/plain, */*', 'Sec-Ch-Ua': '"Not)A;Brand";v="8", "Chromium";v="138", "Google Chrome";v="138"', 'X-Tenant-Id': 'e98f6cb6-1305-490a-9c41-2fab84f1bb80', 'Sec-Ch-Ua-Mobile': '?1', 'Origin': 'http://localhost:8080', 'Sec-Fetch-Site': 'same-site', 'Sec-Fetch-Mode': 'cors', 'Sec-Fetch-Dest': 'empty', 'Referer': 'http://localhost:8080/', 'Accept-Encoding': 'gzip, deflate, br, zstd', 'Accept-Language': 'fr-FR,fr;q=0.9,en-US;q=0.8,en;q=0.7'}
INFO 2025-07-24 19:07:22,687 views 32732 18112 Appel à current_tenant_info - URL: /api/tenants/current_tenant_info/
INFO 2025-07-24 19:07:22,687 views 32732 30044 Appel à current_tenant_info - URL: /api/tenants/current_tenant_info/
[24/Jul/2025 19:07:22] "GET /api/document_appearance/presets/ HTTP/1.1" 200 3716
[24/Jul/2025 19:07:22] "GET /api/document_appearance/colors/ HTTP/1.1" 200 258
ERROR 2025-07-24 19:07:22,745 views 32732 30044 Erreur lors du traitement de current_tenant_info: ERREUR:  la colonne tenant_document_appearance.show_company_name n'existe pas
LINE 1: ...color", "tenant_document_appearance"."show_logo", "tenant_do...
                                                             ^

Internal Server Error: /api/tenants/current_tenant_info/
ERROR 2025-07-24 19:07:22,746 log 32732 30044 Internal Server Error: /api/tenants/current_tenant_info/
[24/Jul/2025 19:07:22] "GET /api/tenants/current_tenant_info/ HTTP/1.1" 500 238
ERROR 2025-07-24 19:07:22,747 views 32732 18112 Erreur lors du traitement de current_tenant_info: ERREUR:  la colonne tenant_document_appearance.show_company_name n'existe pas
LINE 1: ...color", "tenant_document_appearance"."show_logo", "tenant_do...
                                                             ^

Internal Server Error: /api/tenants/current_tenant_info/
ERROR 2025-07-24 19:07:22,747 log 32732 18112 Internal Server Error: /api/tenants/current_tenant_info/
[24/Jul/2025 19:07:22] "GET /api/tenants/current_tenant_info/ HTTP/1.1" 500 238
INFO 2025-07-24 19:09:03,124 views_document_appearance 32732 28960 Appel à tenant_document_appearance - Méthode: GET
ERROR 2025-07-24 19:09:03,167 views_document_appearance 32732 28960 Erreur lors de la gestion de l'apparence: ERREUR:  la colonne tenant_document_appearance.show_company_name n'existe pas
LINE 1: ...color", "tenant_document_appearance"."show_logo", "tenant_do...
                                                             ^

Internal Server Error: /api/document_appearance/
ERROR 2025-07-24 19:09:03,168 log 32732 28960 Internal Server Error: /api/document_appearance/
[24/Jul/2025 19:09:03] "GET /api/document_appearance/ HTTP/1.1" 500 263
[24/Jul/2025 19:09:03] "GET /api/document_appearance/defaults/ HTTP/1.1" 200 727
[24/Jul/2025 19:09:04] "GET /api/document_appearance/colors/ HTTP/1.1" 200 258
[24/Jul/2025 19:09:04] "GET /api/document_appearance/presets/ HTTP/1.1" 200 3716
INFO 2025-07-24 19:09:04,813 views 32732 28232 Appel à current_tenant_info - Méthode: GET - Headers: {'Content-Length': '', 'Content-Type': 'text/plain', 'Host': 'localhost:8001', 'Connection': 'keep-alive', 'Pragma': 'no-cache', 'Cache-Control': 'no-cache', 'Sec-Ch-Ua-Platform': '"Android"', 'Authorization': 'Bearer eyJhbGciOiJIUzI1NiIsInR5cCI6IkpXVCJ9.eyJ0b2tlbl90eXBlIjoiYWNjZXNzIiwiZXhwIjoxNzUzMzcwNDA4LCJpYXQiOjE3NTMzNjI4MzcsImp0aSI6ImY2MjUzZThmODViZDRlNzhhNmIxZWU0YTM3NGIzOWJlIiwidXNlcl9pZCI6IjVjODQ0ODAxLWQwYzktNDBjMi04NWI4LTMxNGVhZGFhNGM5ZCIsInRlbmFudF9pZCI6ImU5OGY2Y2I2LTEzMDUtNDkwYS05YzQxLTJmYWI4NGYxYmI4MCIsImVtYWlsIjoiYXJvbm53aW5uZXJAYmVlbmF5YS5jb20iLCJpc192ZXJpZmllZCI6ZmFsc2UsImZ1bGxfbmFtZSI6IkFyb25uIFdpbm5lciJ9.mR6_EanA_6ZilG9CNP4MZ453DC-zC7G9Dlwu-r9pk08', 'User-Agent': 'Mozilla/5.0 (Linux; Android 6.0; Nexus 5 Build/MRA58N) AppleWebKit/537.36 (KHTML, like Gecko) Chrome/138.0.0.0 Mobile Safari/537.36', 'Accept': 'application/json, text/plain, */*', 'Sec-Ch-Ua': '"Not)A;Brand";v="8", "Chromium";v="138", "Google Chrome";v="138"', 'X-Tenant-Id': 'e98f6cb6-1305-490a-9c41-2fab84f1bb80', 'Sec-Ch-Ua-Mobile': '?1', 'Origin': 'http://localhost:8080', 'Sec-Fetch-Site': 'same-site', 'Sec-Fetch-Mode': 'cors', 'Sec-Fetch-Dest': 'empty', 'Referer': 'http://localhost:8080/', 'Accept-Encoding': 'gzip, deflate, br, zstd', 'Accept-Language': 'fr-FR,fr;q=0.9,en-US;q=0.8,en;q=0.7'}
INFO 2025-07-24 19:09:04,813 views 32732 28232 Appel à current_tenant_info - URL: /api/tenants/current_tenant_info/
ERROR 2025-07-24 19:09:04,870 views 32732 28232 Erreur lors du traitement de current_tenant_info: ERREUR:  la colonne tenant_document_appearance.show_company_name n'existe pas
LINE 1: ...color", "tenant_document_appearance"."show_logo", "tenant_do...
                                                             ^

Internal Server Error: /api/tenants/current_tenant_info/
ERROR 2025-07-24 19:09:04,871 log 32732 28232 Internal Server Error: /api/tenants/current_tenant_info/
[24/Jul/2025 19:09:04] "GET /api/tenants/current_tenant_info/ HTTP/1.1" 500 238
INFO 2025-07-24 19:09:14,823 views_document_appearance 32732 27136 Appel à tenant_document_appearance - Méthode: GET
ERROR 2025-07-24 19:09:14,864 views_document_appearance 32732 27136 Erreur lors de la gestion de l'apparence: ERREUR:  la colonne tenant_document_appearance.show_company_name n'existe pas
LINE 1: ...color", "tenant_document_appearance"."show_logo", "tenant_do...
                                                             ^

Internal Server Error: /api/document_appearance/
ERROR 2025-07-24 19:09:14,864 log 32732 27136 Internal Server Error: /api/document_appearance/
[24/Jul/2025 19:09:14] "GET /api/document_appearance/ HTTP/1.1" 500 263
[24/Jul/2025 19:09:15] "GET /api/document_appearance/defaults/ HTTP/1.1" 200 727
[24/Jul/2025 19:09:16] "GET /api/document_appearance/colors/ HTTP/1.1" 200 258
[24/Jul/2025 19:09:16] "GET /api/document_appearance/presets/ HTTP/1.1" 200 3716
INFO 2025-07-24 19:09:16,498 views 32732 22460 Appel à current_tenant_info - Méthode: GET - Headers: {'Content-Length': '', 'Content-Type': 'text/plain', 'Host': 'localhost:8001', 'Connection': 'keep-alive', 'Pragma': 'no-cache', 'Cache-Control': 'no-cache', 'Sec-Ch-Ua-Platform': '"Android"', 'Authorization': 'Bearer eyJhbGciOiJIUzI1NiIsInR5cCI6IkpXVCJ9.eyJ0b2tlbl90eXBlIjoiYWNjZXNzIiwiZXhwIjoxNzUzMzcwNDA4LCJpYXQiOjE3NTMzNjI4MzcsImp0aSI6ImY2MjUzZThmODViZDRlNzhhNmIxZWU0YTM3NGIzOWJlIiwidXNlcl9pZCI6IjVjODQ0ODAxLWQwYzktNDBjMi04NWI4LTMxNGVhZGFhNGM5ZCIsInRlbmFudF9pZCI6ImU5OGY2Y2I2LTEzMDUtNDkwYS05YzQxLTJmYWI4NGYxYmI4MCIsImVtYWlsIjoiYXJvbm53aW5uZXJAYmVlbmF5YS5jb20iLCJpc192ZXJpZmllZCI6ZmFsc2UsImZ1bGxfbmFtZSI6IkFyb25uIFdpbm5lciJ9.mR6_EanA_6ZilG9CNP4MZ453DC-zC7G9Dlwu-r9pk08', 'User-Agent': 'Mozilla/5.0 (Linux; Android 6.0; Nexus 5 Build/MRA58N) AppleWebKit/537.36 (KHTML, like Gecko) Chrome/138.0.0.0 Mobile Safari/537.36', 'Accept': 'application/json, text/plain, */*', 'Sec-Ch-Ua': '"Not)A;Brand";v="8", "Chromium";v="138", "Google Chrome";v="138"', 'X-Tenant-Id': 'e98f6cb6-1305-490a-9c41-2fab84f1bb80', 'Sec-Ch-Ua-Mobile': '?1', 'Origin': 'http://localhost:8080', 'Sec-Fetch-Site': 'same-site', 'Sec-Fetch-Mode': 'cors', 'Sec-Fetch-Dest': 'empty', 'Referer': 'http://localhost:8080/', 'Accept-Encoding': 'gzip, deflate, br, zstd', 'Accept-Language': 'fr-FR,fr;q=0.9,en-US;q=0.8,en;q=0.7'}
INFO 2025-07-24 19:09:16,498 views 32732 22460 Appel à current_tenant_info - URL: /api/tenants/current_tenant_info/
ERROR 2025-07-24 19:09:16,557 views 32732 22460 Erreur lors du traitement de current_tenant_info: ERREUR:  la colonne tenant_document_appearance.show_company_name n'existe pas
LINE 1: ...color", "tenant_document_appearance"."show_logo", "tenant_do...
                                                             ^

Internal Server Error: /api/tenants/current_tenant_info/
ERROR 2025-07-24 19:09:16,558 log 32732 22460 Internal Server Error: /api/tenants/current_tenant_info/
[24/Jul/2025 19:09:16] "GET /api/tenants/current_tenant_info/ HTTP/1.1" 500 238
INFO 2025-07-24 19:09:22,921 views_document_appearance 32732 31856 Appel à tenant_document_appearance - Méthode: GET
ERROR 2025-07-24 19:09:22,968 views_document_appearance 32732 31856 Erreur lors de la gestion de l'apparence: ERREUR:  la colonne tenant_document_appearance.show_company_name n'existe pas
LINE 1: ...color", "tenant_document_appearance"."show_logo", "tenant_do...
                                                             ^

Internal Server Error: /api/document_appearance/
ERROR 2025-07-24 19:09:22,969 log 32732 31856 Internal Server Error: /api/document_appearance/
[24/Jul/2025 19:09:22] "GET /api/document_appearance/ HTTP/1.1" 500 263
[24/Jul/2025 19:09:23] "GET /api/document_appearance/defaults/ HTTP/1.1" 200 727
[24/Jul/2025 19:09:24] "GET /api/document_appearance/colors/ HTTP/1.1" 200 258
[24/Jul/2025 19:09:24] "GET /api/document_appearance/presets/ HTTP/1.1" 200 3716
INFO 2025-07-24 19:09:24,628 views 32732 32744 Appel à current_tenant_info - Méthode: GET - Headers: {'Content-Length': '', 'Content-Type': 'text/plain', 'Host': 'localhost:8001', 'Connection': 'keep-alive', 'Pragma': 'no-cache', 'Cache-Control': 'no-cache', 'Sec-Ch-Ua-Platform': '"Android"', 'Authorization': 'Bearer eyJhbGciOiJIUzI1NiIsInR5cCI6IkpXVCJ9.eyJ0b2tlbl90eXBlIjoiYWNjZXNzIiwiZXhwIjoxNzUzMzcwNDA4LCJpYXQiOjE3NTMzNjI4MzcsImp0aSI6ImY2MjUzZThmODViZDRlNzhhNmIxZWU0YTM3NGIzOWJlIiwidXNlcl9pZCI6IjVjODQ0ODAxLWQwYzktNDBjMi04NWI4LTMxNGVhZGFhNGM5ZCIsInRlbmFudF9pZCI6ImU5OGY2Y2I2LTEzMDUtNDkwYS05YzQxLTJmYWI4NGYxYmI4MCIsImVtYWlsIjoiYXJvbm53aW5uZXJAYmVlbmF5YS5jb20iLCJpc192ZXJpZmllZCI6ZmFsc2UsImZ1bGxfbmFtZSI6IkFyb25uIFdpbm5lciJ9.mR6_EanA_6ZilG9CNP4MZ453DC-zC7G9Dlwu-r9pk08', 'User-Agent': 'Mozilla/5.0 (Linux; Android 6.0; Nexus 5 Build/MRA58N) AppleWebKit/537.36 (KHTML, like Gecko) Chrome/138.0.0.0 Mobile Safari/537.36', 'Accept': 'application/json, text/plain, */*', 'Sec-Ch-Ua': '"Not)A;Brand";v="8", "Chromium";v="138", "Google Chrome";v="138"', 'X-Tenant-Id': 'e98f6cb6-1305-490a-9c41-2fab84f1bb80', 'Sec-Ch-Ua-Mobile': '?1', 'Origin': 'http://localhost:8080', 'Sec-Fetch-Site': 'same-site', 'Sec-Fetch-Mode': 'cors', 'Sec-Fetch-Dest': 'empty', 'Referer': 'http://localhost:8080/', 'Accept-Encoding': 'gzip, deflate, br, zstd', 'Accept-Language': 'fr-FR,fr;q=0.9,en-US;q=0.8,en;q=0.7'}
INFO 2025-07-24 19:09:24,629 views 32732 32744 Appel à current_tenant_info - URL: /api/tenants/current_tenant_info/
ERROR 2025-07-24 19:09:24,682 views 32732 32744 Erreur lors du traitement de current_tenant_info: ERREUR:  la colonne tenant_document_appearance.show_company_name n'existe pas
LINE 1: ...color", "tenant_document_appearance"."show_logo", "tenant_do...
                                                             ^

Internal Server Error: /api/tenants/current_tenant_info/
ERROR 2025-07-24 19:09:24,682 log 32732 32744 Internal Server Error: /api/tenants/current_tenant_info/
[24/Jul/2025 19:09:24] "GET /api/tenants/current_tenant_info/ HTTP/1.1" 500 238
Internal Server Error: /api/tenants/e98f6cb6-1305-490a-9c41-2fab84f1bb80/
Traceback (most recent call last):
  File "C:\Users\elvis\AppData\Local\Programs\Python\Python313\Lib\site-packages\django\db\models\fields\related_descriptors.py", line 513, in __get__
    rel_obj = self.related.get_cached_value(instance)
  File "C:\Users\elvis\AppData\Local\Programs\Python\Python313\Lib\site-packages\django\db\models\fields\mixins.py", line 37, in get_cached_value
    return instance._state.fields_cache[self.cache_name]
           ~~~~~~~~~~~~~~~~~~~~~~~~~~~~^^^^^^^^^^^^^^^^^
KeyError: 'document_appearance'

During handling of the above exception, another exception occurred:

Traceback (most recent call last):
  File "C:\Users\elvis\AppData\Local\Programs\Python\Python313\Lib\site-packages\django\db\backends\utils.py", line 105, in _execute
    return self.cursor.execute(sql, params)
           ~~~~~~~~~~~~~~~~~~~^^^^^^^^^^^^^
psycopg2.errors.UndefinedColumn: ERREUR:  la colonne tenant_document_appearance.show_company_name n'existe pas
LINE 1: ...color", "tenant_document_appearance"."show_logo", "tenant_do...
                                                             ^


The above exception was the direct cause of the following exception:

Traceback (most recent call last):
  File "C:\Users\elvis\AppData\Local\Programs\Python\Python313\Lib\site-packages\django\core\handlers\exception.py", line 55, in inner
    response = get_response(request)
  File "C:\Users\elvis\AppData\Local\Programs\Python\Python313\Lib\site-packages\django\core\handlers\base.py", line 197, in _get_response
    response = wrapped_callback(request, *callback_args, **callback_kwargs)
  File "C:\Users\elvis\AppData\Local\Programs\Python\Python313\Lib\site-packages\django\views\decorators\csrf.py", line 65, in _view_wrapper
    return view_func(request, *args, **kwargs)
  File "C:\Users\elvis\AppData\Local\Programs\Python\Python313\Lib\site-packages\rest_framework\viewsets.py", line 125, in view
    return self.dispatch(request, *args, **kwargs)
           ~~~~~~~~~~~~~^^^^^^^^^^^^^^^^^^^^^^^^^^
  File "C:\Users\elvis\AppData\Local\Programs\Python\Python313\Lib\site-packages\rest_framework\views.py", line 515, in dispatch
    response = self.handle_exception(exc)
  File "C:\Users\elvis\AppData\Local\Programs\Python\Python313\Lib\site-packages\rest_framework\views.py", line 475, in handle_exception
    self.raise_uncaught_exception(exc)
    ~~~~~~~~~~~~~~~~~~~~~~~~~~~~~^^^^^
  File "C:\Users\elvis\AppData\Local\Programs\Python\Python313\Lib\site-packages\rest_framework\views.py", line 486, in raise_uncaught_exception
    raise exc
  File "C:\Users\elvis\AppData\Local\Programs\Python\Python313\Lib\site-packages\rest_framework\views.py", line 512, in dispatch
    response = handler(request, *args, **kwargs)
  File "C:\Users\elvis\AppData\Local\Programs\Python\Python313\Lib\site-packages\rest_framework\mixins.py", line 56, in retrieve
    return Response(serializer.data)
                    ^^^^^^^^^^^^^^^
  File "C:\Users\elvis\AppData\Local\Programs\Python\Python313\Lib\site-packages\rest_framework\serializers.py", line 573, in data
    ret = super().data
          ^^^^^^^^^^^^
  File "C:\Users\elvis\AppData\Local\Programs\Python\Python313\Lib\site-packages\rest_framework\serializers.py", line 251, in data
    self._data = self.to_representation(self.instance)
                 ~~~~~~~~~~~~~~~~~~~~~~^^^^^^^^^^^^^^^
  File "C:\Users\elvis\AppData\Local\Programs\Python\Python313\Lib\site-packages\rest_framework\serializers.py", line 527, in to_representation
    attribute = field.get_attribute(instance)
  File "C:\Users\elvis\AppData\Local\Programs\Python\Python313\Lib\site-packages\rest_framework\fields.py", line 437, in get_attribute
    return get_attribute(instance, self.source_attrs)
  File "C:\Users\elvis\AppData\Local\Programs\Python\Python313\Lib\site-packages\rest_framework\fields.py", line 104, in get_attribute
    instance = getattr(instance, attr)
  File "C:\Users\elvis\AppData\Local\Programs\Python\Python313\Lib\site-packages\django\db\models\fields\related_descriptors.py", line 520, in __get__
    rel_obj = self.get_queryset(instance=instance).get(**filter_args)
  File "C:\Users\elvis\AppData\Local\Programs\Python\Python313\Lib\site-packages\django\db\models\query.py", line 629, in get
    num = len(clone)
  File "C:\Users\elvis\AppData\Local\Programs\Python\Python313\Lib\site-packages\django\db\models\query.py", line 366, in __len__
    self._fetch_all()
    ~~~~~~~~~~~~~~~^^
  File "C:\Users\elvis\AppData\Local\Programs\Python\Python313\Lib\site-packages\django\db\models\query.py", line 1935, in _fetch_all
    self._result_cache = list(self._iterable_class(self))
                         ~~~~^^^^^^^^^^^^^^^^^^^^^^^^^^^^
  File "C:\Users\elvis\AppData\Local\Programs\Python\Python313\Lib\site-packages\django\db\models\query.py", line 91, in __iter__
    results = compiler.execute_sql(
        chunked_fetch=self.chunked_fetch, chunk_size=self.chunk_size
    )
  File "C:\Users\elvis\AppData\Local\Programs\Python\Python313\Lib\site-packages\django\db\models\sql\compiler.py", line 1622, in execute_sql
    cursor.execute(sql, params)
    ~~~~~~~~~~~~~~^^^^^^^^^^^^^
  File "C:\Users\elvis\AppData\Local\Programs\Python\Python313\Lib\site-packages\django\db\backends\utils.py", line 122, in execute
    return super().execute(sql, params)
           ~~~~~~~~~~~~~~~^^^^^^^^^^^^^
  File "C:\Users\elvis\AppData\Local\Programs\Python\Python313\Lib\site-packages\django\db\backends\utils.py", line 79, in execute
    return self._execute_with_wrappers(
           ~~~~~~~~~~~~~~~~~~~~~~~~~~~^
        sql, params, many=False, executor=self._execute
        ^^^^^^^^^^^^^^^^^^^^^^^^^^^^^^^^^^^^^^^^^^^^^^^
    )
    ^
  File "C:\Users\elvis\AppData\Local\Programs\Python\Python313\Lib\site-packages\django\db\backends\utils.py", line 92, in _execute_with_wrappers
    return executor(sql, params, many, context)
  File "C:\Users\elvis\AppData\Local\Programs\Python\Python313\Lib\site-packages\django\db\backends\utils.py", line 100, in _execute
    with self.db.wrap_database_errors:
         ^^^^^^^^^^^^^^^^^^^^^^^^^^^^
  File "C:\Users\elvis\AppData\Local\Programs\Python\Python313\Lib\site-packages\django\db\utils.py", line 91, in __exit__
    raise dj_exc_value.with_traceback(traceback) from exc_value
  File "C:\Users\elvis\AppData\Local\Programs\Python\Python313\Lib\site-packages\django\db\backends\utils.py", line 105, in _execute
    return self.cursor.execute(sql, params)
           ~~~~~~~~~~~~~~~~~~~^^^^^^^^^^^^^
django.db.utils.ProgrammingError: ERREUR:  la colonne tenant_document_appearance.show_company_name n'existe pas
LINE 1: ...color", "tenant_document_appearance"."show_logo", "tenant_do...
                                                             ^

ERROR 2025-07-24 19:11:45,156 log 32732 32556 Internal Server Error: /api/tenants/e98f6cb6-1305-490a-9c41-2fab84f1bb80/
Traceback (most recent call last):
  File "C:\Users\elvis\AppData\Local\Programs\Python\Python313\Lib\site-packages\django\db\models\fields\related_descriptors.py", line 513, in __get__
    rel_obj = self.related.get_cached_value(instance)
  File "C:\Users\elvis\AppData\Local\Programs\Python\Python313\Lib\site-packages\django\db\models\fields\mixins.py", line 37, in get_cached_value
    return instance._state.fields_cache[self.cache_name]
           ~~~~~~~~~~~~~~~~~~~~~~~~~~~~^^^^^^^^^^^^^^^^^
KeyError: 'document_appearance'

During handling of the above exception, another exception occurred:

Traceback (most recent call last):
  File "C:\Users\elvis\AppData\Local\Programs\Python\Python313\Lib\site-packages\django\db\backends\utils.py", line 105, in _execute
    return self.cursor.execute(sql, params)
           ~~~~~~~~~~~~~~~~~~~^^^^^^^^^^^^^
psycopg2.errors.UndefinedColumn: ERREUR:  la colonne tenant_document_appearance.show_company_name n'existe pas
LINE 1: ...color", "tenant_document_appearance"."show_logo", "tenant_do...
                                                             ^


The above exception was the direct cause of the following exception:

Traceback (most recent call last):
  File "C:\Users\elvis\AppData\Local\Programs\Python\Python313\Lib\site-packages\django\core\handlers\exception.py", line 55, in inner
    response = get_response(request)
  File "C:\Users\elvis\AppData\Local\Programs\Python\Python313\Lib\site-packages\django\core\handlers\base.py", line 197, in _get_response
    response = wrapped_callback(request, *callback_args, **callback_kwargs)
  File "C:\Users\elvis\AppData\Local\Programs\Python\Python313\Lib\site-packages\django\views\decorators\csrf.py", line 65, in _view_wrapper
    return view_func(request, *args, **kwargs)
  File "C:\Users\elvis\AppData\Local\Programs\Python\Python313\Lib\site-packages\rest_framework\viewsets.py", line 125, in view
    return self.dispatch(request, *args, **kwargs)
           ~~~~~~~~~~~~~^^^^^^^^^^^^^^^^^^^^^^^^^^
  File "C:\Users\elvis\AppData\Local\Programs\Python\Python313\Lib\site-packages\rest_framework\views.py", line 515, in dispatch
    response = self.handle_exception(exc)
  File "C:\Users\elvis\AppData\Local\Programs\Python\Python313\Lib\site-packages\rest_framework\views.py", line 475, in handle_exception
    self.raise_uncaught_exception(exc)
    ~~~~~~~~~~~~~~~~~~~~~~~~~~~~~^^^^^
  File "C:\Users\elvis\AppData\Local\Programs\Python\Python313\Lib\site-packages\rest_framework\views.py", line 486, in raise_uncaught_exception
    raise exc
  File "C:\Users\elvis\AppData\Local\Programs\Python\Python313\Lib\site-packages\rest_framework\views.py", line 512, in dispatch
    response = handler(request, *args, **kwargs)
  File "C:\Users\elvis\AppData\Local\Programs\Python\Python313\Lib\site-packages\rest_framework\mixins.py", line 56, in retrieve
    return Response(serializer.data)
                    ^^^^^^^^^^^^^^^
  File "C:\Users\elvis\AppData\Local\Programs\Python\Python313\Lib\site-packages\rest_framework\serializers.py", line 573, in data
    ret = super().data
          ^^^^^^^^^^^^
  File "C:\Users\elvis\AppData\Local\Programs\Python\Python313\Lib\site-packages\rest_framework\serializers.py", line 251, in data
    self._data = self.to_representation(self.instance)
                 ~~~~~~~~~~~~~~~~~~~~~~^^^^^^^^^^^^^^^
  File "C:\Users\elvis\AppData\Local\Programs\Python\Python313\Lib\site-packages\rest_framework\serializers.py", line 527, in to_representation
    attribute = field.get_attribute(instance)
  File "C:\Users\elvis\AppData\Local\Programs\Python\Python313\Lib\site-packages\rest_framework\fields.py", line 437, in get_attribute
    return get_attribute(instance, self.source_attrs)
  File "C:\Users\elvis\AppData\Local\Programs\Python\Python313\Lib\site-packages\rest_framework\fields.py", line 104, in get_attribute
    instance = getattr(instance, attr)
  File "C:\Users\elvis\AppData\Local\Programs\Python\Python313\Lib\site-packages\django\db\models\fields\related_descriptors.py", line 520, in __get__
    rel_obj = self.get_queryset(instance=instance).get(**filter_args)
  File "C:\Users\elvis\AppData\Local\Programs\Python\Python313\Lib\site-packages\django\db\models\query.py", line 629, in get
    num = len(clone)
  File "C:\Users\elvis\AppData\Local\Programs\Python\Python313\Lib\site-packages\django\db\models\query.py", line 366, in __len__
    self._fetch_all()
    ~~~~~~~~~~~~~~~^^
  File "C:\Users\elvis\AppData\Local\Programs\Python\Python313\Lib\site-packages\django\db\models\query.py", line 1935, in _fetch_all
    self._result_cache = list(self._iterable_class(self))
                         ~~~~^^^^^^^^^^^^^^^^^^^^^^^^^^^^
  File "C:\Users\elvis\AppData\Local\Programs\Python\Python313\Lib\site-packages\django\db\models\query.py", line 91, in __iter__
    results = compiler.execute_sql(
        chunked_fetch=self.chunked_fetch, chunk_size=self.chunk_size
    )
  File "C:\Users\elvis\AppData\Local\Programs\Python\Python313\Lib\site-packages\django\db\models\sql\compiler.py", line 1622, in execute_sql
    cursor.execute(sql, params)
    ~~~~~~~~~~~~~~^^^^^^^^^^^^^
  File "C:\Users\elvis\AppData\Local\Programs\Python\Python313\Lib\site-packages\django\db\backends\utils.py", line 122, in execute
    return super().execute(sql, params)
           ~~~~~~~~~~~~~~~^^^^^^^^^^^^^
  File "C:\Users\elvis\AppData\Local\Programs\Python\Python313\Lib\site-packages\django\db\backends\utils.py", line 79, in execute
    return self._execute_with_wrappers(
           ~~~~~~~~~~~~~~~~~~~~~~~~~~~^
        sql, params, many=False, executor=self._execute
        ^^^^^^^^^^^^^^^^^^^^^^^^^^^^^^^^^^^^^^^^^^^^^^^
    )
    ^
  File "C:\Users\elvis\AppData\Local\Programs\Python\Python313\Lib\site-packages\django\db\backends\utils.py", line 92, in _execute_with_wrappers
    return executor(sql, params, many, context)
  File "C:\Users\elvis\AppData\Local\Programs\Python\Python313\Lib\site-packages\django\db\backends\utils.py", line 100, in _execute
    with self.db.wrap_database_errors:
         ^^^^^^^^^^^^^^^^^^^^^^^^^^^^
  File "C:\Users\elvis\AppData\Local\Programs\Python\Python313\Lib\site-packages\django\db\utils.py", line 91, in __exit__
    raise dj_exc_value.with_traceback(traceback) from exc_value
  File "C:\Users\elvis\AppData\Local\Programs\Python\Python313\Lib\site-packages\django\db\backends\utils.py", line 105, in _execute
    return self.cursor.execute(sql, params)
           ~~~~~~~~~~~~~~~~~~~^^^^^^^^^^^^^
django.db.utils.ProgrammingError: ERREUR:  la colonne tenant_document_appearance.show_company_name n'existe pas
LINE 1: ...color", "tenant_document_appearance"."show_logo", "tenant_do...
                                                             ^

[24/Jul/2025 19:11:45] "GET /api/tenants/e98f6cb6-1305-490a-9c41-2fab84f1bb80/ HTTP/1.1" 500 252784
Internal Server Error: /api/tenants/e98f6cb6-1305-490a-9c41-2fab84f1bb80/
Traceback (most recent call last):
  File "C:\Users\elvis\AppData\Local\Programs\Python\Python313\Lib\site-packages\django\db\models\fields\related_descriptors.py", line 513, in __get__
    rel_obj = self.related.get_cached_value(instance)
  File "C:\Users\elvis\AppData\Local\Programs\Python\Python313\Lib\site-packages\django\db\models\fields\mixins.py", line 37, in get_cached_value
    return instance._state.fields_cache[self.cache_name]
           ~~~~~~~~~~~~~~~~~~~~~~~~~~~~^^^^^^^^^^^^^^^^^
KeyError: 'document_appearance'

During handling of the above exception, another exception occurred:

Traceback (most recent call last):
  File "C:\Users\elvis\AppData\Local\Programs\Python\Python313\Lib\site-packages\django\db\backends\utils.py", line 105, in _execute
    return self.cursor.execute(sql, params)
           ~~~~~~~~~~~~~~~~~~~^^^^^^^^^^^^^
psycopg2.errors.UndefinedColumn: ERREUR:  la colonne tenant_document_appearance.show_company_name n'existe pas
LINE 1: ...color", "tenant_document_appearance"."show_logo", "tenant_do...
                                                             ^


The above exception was the direct cause of the following exception:

Traceback (most recent call last):
  File "C:\Users\elvis\AppData\Local\Programs\Python\Python313\Lib\site-packages\django\core\handlers\exception.py", line 55, in inner
    response = get_response(request)
  File "C:\Users\elvis\AppData\Local\Programs\Python\Python313\Lib\site-packages\django\core\handlers\base.py", line 197, in _get_response
    response = wrapped_callback(request, *callback_args, **callback_kwargs)
  File "C:\Users\elvis\AppData\Local\Programs\Python\Python313\Lib\site-packages\django\views\decorators\csrf.py", line 65, in _view_wrapper
    return view_func(request, *args, **kwargs)
  File "C:\Users\elvis\AppData\Local\Programs\Python\Python313\Lib\site-packages\rest_framework\viewsets.py", line 125, in view
    return self.dispatch(request, *args, **kwargs)
           ~~~~~~~~~~~~~^^^^^^^^^^^^^^^^^^^^^^^^^^
  File "C:\Users\elvis\AppData\Local\Programs\Python\Python313\Lib\site-packages\rest_framework\views.py", line 515, in dispatch
    response = self.handle_exception(exc)
  File "C:\Users\elvis\AppData\Local\Programs\Python\Python313\Lib\site-packages\rest_framework\views.py", line 475, in handle_exception
    self.raise_uncaught_exception(exc)
    ~~~~~~~~~~~~~~~~~~~~~~~~~~~~~^^^^^
  File "C:\Users\elvis\AppData\Local\Programs\Python\Python313\Lib\site-packages\rest_framework\views.py", line 486, in raise_uncaught_exception
    raise exc
  File "C:\Users\elvis\AppData\Local\Programs\Python\Python313\Lib\site-packages\rest_framework\views.py", line 512, in dispatch
    response = handler(request, *args, **kwargs)
  File "C:\Users\elvis\AppData\Local\Programs\Python\Python313\Lib\site-packages\rest_framework\mixins.py", line 56, in retrieve
    return Response(serializer.data)
                    ^^^^^^^^^^^^^^^
  File "C:\Users\elvis\AppData\Local\Programs\Python\Python313\Lib\site-packages\rest_framework\serializers.py", line 573, in data
    ret = super().data
          ^^^^^^^^^^^^
  File "C:\Users\elvis\AppData\Local\Programs\Python\Python313\Lib\site-packages\rest_framework\serializers.py", line 251, in data
    self._data = self.to_representation(self.instance)
                 ~~~~~~~~~~~~~~~~~~~~~~^^^^^^^^^^^^^^^
  File "C:\Users\elvis\AppData\Local\Programs\Python\Python313\Lib\site-packages\rest_framework\serializers.py", line 527, in to_representation
    attribute = field.get_attribute(instance)
  File "C:\Users\elvis\AppData\Local\Programs\Python\Python313\Lib\site-packages\rest_framework\fields.py", line 437, in get_attribute
    return get_attribute(instance, self.source_attrs)
  File "C:\Users\elvis\AppData\Local\Programs\Python\Python313\Lib\site-packages\rest_framework\fields.py", line 104, in get_attribute
    instance = getattr(instance, attr)
  File "C:\Users\elvis\AppData\Local\Programs\Python\Python313\Lib\site-packages\django\db\models\fields\related_descriptors.py", line 520, in __get__
    rel_obj = self.get_queryset(instance=instance).get(**filter_args)
  File "C:\Users\elvis\AppData\Local\Programs\Python\Python313\Lib\site-packages\django\db\models\query.py", line 629, in get
    num = len(clone)
  File "C:\Users\elvis\AppData\Local\Programs\Python\Python313\Lib\site-packages\django\db\models\query.py", line 366, in __len__
    self._fetch_all()
    ~~~~~~~~~~~~~~~^^
  File "C:\Users\elvis\AppData\Local\Programs\Python\Python313\Lib\site-packages\django\db\models\query.py", line 1935, in _fetch_all
    self._result_cache = list(self._iterable_class(self))
                         ~~~~^^^^^^^^^^^^^^^^^^^^^^^^^^^^
  File "C:\Users\elvis\AppData\Local\Programs\Python\Python313\Lib\site-packages\django\db\models\query.py", line 91, in __iter__
    results = compiler.execute_sql(
        chunked_fetch=self.chunked_fetch, chunk_size=self.chunk_size
    )
  File "C:\Users\elvis\AppData\Local\Programs\Python\Python313\Lib\site-packages\django\db\models\sql\compiler.py", line 1622, in execute_sql
    cursor.execute(sql, params)
    ~~~~~~~~~~~~~~^^^^^^^^^^^^^
  File "C:\Users\elvis\AppData\Local\Programs\Python\Python313\Lib\site-packages\django\db\backends\utils.py", line 122, in execute
    return super().execute(sql, params)
           ~~~~~~~~~~~~~~~^^^^^^^^^^^^^
  File "C:\Users\elvis\AppData\Local\Programs\Python\Python313\Lib\site-packages\django\db\backends\utils.py", line 79, in execute
    return self._execute_with_wrappers(
           ~~~~~~~~~~~~~~~~~~~~~~~~~~~^
        sql, params, many=False, executor=self._execute
        ^^^^^^^^^^^^^^^^^^^^^^^^^^^^^^^^^^^^^^^^^^^^^^^
    )
    ^
  File "C:\Users\elvis\AppData\Local\Programs\Python\Python313\Lib\site-packages\django\db\backends\utils.py", line 92, in _execute_with_wrappers
    return executor(sql, params, many, context)
  File "C:\Users\elvis\AppData\Local\Programs\Python\Python313\Lib\site-packages\django\db\backends\utils.py", line 100, in _execute
    with self.db.wrap_database_errors:
         ^^^^^^^^^^^^^^^^^^^^^^^^^^^^
  File "C:\Users\elvis\AppData\Local\Programs\Python\Python313\Lib\site-packages\django\db\utils.py", line 91, in __exit__
    raise dj_exc_value.with_traceback(traceback) from exc_value
  File "C:\Users\elvis\AppData\Local\Programs\Python\Python313\Lib\site-packages\django\db\backends\utils.py", line 105, in _execute
    return self.cursor.execute(sql, params)
           ~~~~~~~~~~~~~~~~~~~^^^^^^^^^^^^^
django.db.utils.ProgrammingError: ERREUR:  la colonne tenant_document_appearance.show_company_name n'existe pas
LINE 1: ...color", "tenant_document_appearance"."show_logo", "tenant_do...
                                                             ^

ERROR 2025-07-24 19:11:45,385 log 32732 31172 Internal Server Error: /api/tenants/e98f6cb6-1305-490a-9c41-2fab84f1bb80/
Traceback (most recent call last):
  File "C:\Users\elvis\AppData\Local\Programs\Python\Python313\Lib\site-packages\django\db\models\fields\related_descriptors.py", line 513, in __get__
    rel_obj = self.related.get_cached_value(instance)
  File "C:\Users\elvis\AppData\Local\Programs\Python\Python313\Lib\site-packages\django\db\models\fields\mixins.py", line 37, in get_cached_value
    return instance._state.fields_cache[self.cache_name]
           ~~~~~~~~~~~~~~~~~~~~~~~~~~~~^^^^^^^^^^^^^^^^^
KeyError: 'document_appearance'

During handling of the above exception, another exception occurred:

Traceback (most recent call last):
  File "C:\Users\elvis\AppData\Local\Programs\Python\Python313\Lib\site-packages\django\db\backends\utils.py", line 105, in _execute
    return self.cursor.execute(sql, params)
           ~~~~~~~~~~~~~~~~~~~^^^^^^^^^^^^^
psycopg2.errors.UndefinedColumn: ERREUR:  la colonne tenant_document_appearance.show_company_name n'existe pas
LINE 1: ...color", "tenant_document_appearance"."show_logo", "tenant_do...
                                                             ^


The above exception was the direct cause of the following exception:

Traceback (most recent call last):
  File "C:\Users\elvis\AppData\Local\Programs\Python\Python313\Lib\site-packages\django\core\handlers\exception.py", line 55, in inner
    response = get_response(request)
  File "C:\Users\elvis\AppData\Local\Programs\Python\Python313\Lib\site-packages\django\core\handlers\base.py", line 197, in _get_response
    response = wrapped_callback(request, *callback_args, **callback_kwargs)
  File "C:\Users\elvis\AppData\Local\Programs\Python\Python313\Lib\site-packages\django\views\decorators\csrf.py", line 65, in _view_wrapper
    return view_func(request, *args, **kwargs)
  File "C:\Users\elvis\AppData\Local\Programs\Python\Python313\Lib\site-packages\rest_framework\viewsets.py", line 125, in view
    return self.dispatch(request, *args, **kwargs)
           ~~~~~~~~~~~~~^^^^^^^^^^^^^^^^^^^^^^^^^^
  File "C:\Users\elvis\AppData\Local\Programs\Python\Python313\Lib\site-packages\rest_framework\views.py", line 515, in dispatch
    response = self.handle_exception(exc)
  File "C:\Users\elvis\AppData\Local\Programs\Python\Python313\Lib\site-packages\rest_framework\views.py", line 475, in handle_exception
    self.raise_uncaught_exception(exc)
    ~~~~~~~~~~~~~~~~~~~~~~~~~~~~~^^^^^
  File "C:\Users\elvis\AppData\Local\Programs\Python\Python313\Lib\site-packages\rest_framework\views.py", line 486, in raise_uncaught_exception
    raise exc
  File "C:\Users\elvis\AppData\Local\Programs\Python\Python313\Lib\site-packages\rest_framework\views.py", line 512, in dispatch
    response = handler(request, *args, **kwargs)
  File "C:\Users\elvis\AppData\Local\Programs\Python\Python313\Lib\site-packages\rest_framework\mixins.py", line 56, in retrieve
    return Response(serializer.data)
                    ^^^^^^^^^^^^^^^
  File "C:\Users\elvis\AppData\Local\Programs\Python\Python313\Lib\site-packages\rest_framework\serializers.py", line 573, in data
    ret = super().data
          ^^^^^^^^^^^^
  File "C:\Users\elvis\AppData\Local\Programs\Python\Python313\Lib\site-packages\rest_framework\serializers.py", line 251, in data
    self._data = self.to_representation(self.instance)
                 ~~~~~~~~~~~~~~~~~~~~~~^^^^^^^^^^^^^^^
  File "C:\Users\elvis\AppData\Local\Programs\Python\Python313\Lib\site-packages\rest_framework\serializers.py", line 527, in to_representation
    attribute = field.get_attribute(instance)
  File "C:\Users\elvis\AppData\Local\Programs\Python\Python313\Lib\site-packages\rest_framework\fields.py", line 437, in get_attribute
    return get_attribute(instance, self.source_attrs)
  File "C:\Users\elvis\AppData\Local\Programs\Python\Python313\Lib\site-packages\rest_framework\fields.py", line 104, in get_attribute
    instance = getattr(instance, attr)
  File "C:\Users\elvis\AppData\Local\Programs\Python\Python313\Lib\site-packages\django\db\models\fields\related_descriptors.py", line 520, in __get__
    rel_obj = self.get_queryset(instance=instance).get(**filter_args)
  File "C:\Users\elvis\AppData\Local\Programs\Python\Python313\Lib\site-packages\django\db\models\query.py", line 629, in get
    num = len(clone)
  File "C:\Users\elvis\AppData\Local\Programs\Python\Python313\Lib\site-packages\django\db\models\query.py", line 366, in __len__
    self._fetch_all()
    ~~~~~~~~~~~~~~~^^
  File "C:\Users\elvis\AppData\Local\Programs\Python\Python313\Lib\site-packages\django\db\models\query.py", line 1935, in _fetch_all
    self._result_cache = list(self._iterable_class(self))
                         ~~~~^^^^^^^^^^^^^^^^^^^^^^^^^^^^
  File "C:\Users\elvis\AppData\Local\Programs\Python\Python313\Lib\site-packages\django\db\models\query.py", line 91, in __iter__
    results = compiler.execute_sql(
        chunked_fetch=self.chunked_fetch, chunk_size=self.chunk_size
    )
  File "C:\Users\elvis\AppData\Local\Programs\Python\Python313\Lib\site-packages\django\db\models\sql\compiler.py", line 1622, in execute_sql
    cursor.execute(sql, params)
    ~~~~~~~~~~~~~~^^^^^^^^^^^^^
  File "C:\Users\elvis\AppData\Local\Programs\Python\Python313\Lib\site-packages\django\db\backends\utils.py", line 122, in execute
    return super().execute(sql, params)
           ~~~~~~~~~~~~~~~^^^^^^^^^^^^^
  File "C:\Users\elvis\AppData\Local\Programs\Python\Python313\Lib\site-packages\django\db\backends\utils.py", line 79, in execute
    return self._execute_with_wrappers(
           ~~~~~~~~~~~~~~~~~~~~~~~~~~~^
        sql, params, many=False, executor=self._execute
        ^^^^^^^^^^^^^^^^^^^^^^^^^^^^^^^^^^^^^^^^^^^^^^^
    )
    ^
  File "C:\Users\elvis\AppData\Local\Programs\Python\Python313\Lib\site-packages\django\db\backends\utils.py", line 92, in _execute_with_wrappers
    return executor(sql, params, many, context)
  File "C:\Users\elvis\AppData\Local\Programs\Python\Python313\Lib\site-packages\django\db\backends\utils.py", line 100, in _execute
    with self.db.wrap_database_errors:
         ^^^^^^^^^^^^^^^^^^^^^^^^^^^^
  File "C:\Users\elvis\AppData\Local\Programs\Python\Python313\Lib\site-packages\django\db\utils.py", line 91, in __exit__
    raise dj_exc_value.with_traceback(traceback) from exc_value
  File "C:\Users\elvis\AppData\Local\Programs\Python\Python313\Lib\site-packages\django\db\backends\utils.py", line 105, in _execute
    return self.cursor.execute(sql, params)
           ~~~~~~~~~~~~~~~~~~~^^^^^^^^^^^^^
django.db.utils.ProgrammingError: ERREUR:  la colonne tenant_document_appearance.show_company_name n'existe pas
LINE 1: ...color", "tenant_document_appearance"."show_logo", "tenant_do...
                                                             ^

[24/Jul/2025 19:11:45] "GET /api/tenants/e98f6cb6-1305-490a-9c41-2fab84f1bb80/ HTTP/1.1" 500 252784
INFO 2025-07-24 19:11:46,493 views 32732 31312 Appel à current_tenant_info - Méthode: GET - Headers: {'Content-Length': '', 'Content-Type': 'text/plain', 'Host': 'localhost:8001', 'Connection': 'keep-alive', 'Pragma': 'no-cache', 'Cache-Control': 'no-cache', 'Sec-Ch-Ua-Platform': '"Android"', 'Authorization': 'Bearer eyJhbGciOiJIUzI1NiIsInR5cCI6IkpXVCJ9.eyJ0b2tlbl90eXBlIjoiYWNjZXNzIiwiZXhwIjoxNzUzMzg0MzAyLCJpYXQiOjE3NTMzNjY4MDgsImp0aSI6IjFlZDE0N2I3OTUwMDQwZjQ4MjRiMzExMmNlOTdiMmVhIiwidXNlcl9pZCI6IjVjODQ0ODAxLWQwYzktNDBjMi04NWI4LTMxNGVhZGFhNGM5ZCIsInRlbmFudF9pZCI6ImU5OGY2Y2I2LTEzMDUtNDkwYS05YzQxLTJmYWI4NGYxYmI4MCIsImVtYWlsIjoiYXJvbm53aW5uZXJAYmVlbmF5YS5jb20iLCJpc192ZXJpZmllZCI6ZmFsc2UsImZ1bGxfbmFtZSI6IkFyb25uIFdpbm5lciJ9.TWpIeiHJXg8Akvtl7U_7er4w8VDNtisYS_ZShBrYYWY', 'User-Agent': 'Mozilla/5.0 (Linux; Android 6.0; Nexus 5 Build/MRA58N) AppleWebKit/537.36 (KHTML, like Gecko) Chrome/138.0.0.0 Mobile Safari/537.36', 'Accept': 'application/json, text/plain, */*', 'Sec-Ch-Ua': '"Not)A;Brand";v="8", "Chromium";v="138", "Google Chrome";v="138"', 'X-Tenant-Id': 'e98f6cb6-1305-490a-9c41-2fab84f1bb80', 'Sec-Ch-Ua-Mobile': '?1', 'Origin': 'http://localhost:8080', 'Sec-Fetch-Site': 'same-site', 'Sec-Fetch-Mode': 'cors', 'Sec-Fetch-Dest': 'empty', 'Referer': 'http://localhost:8080/', 'Accept-Encoding': 'gzip, deflate, br, zstd', 'Accept-Language': 'fr-FR,fr;q=0.9,en-US;q=0.8,en;q=0.7'}
INFO 2025-07-24 19:11:46,494 views 32732 31312 Appel à current_tenant_info - URL: /api/tenants/current_tenant_info/
ERROR 2025-07-24 19:11:46,551 views 32732 31312 Erreur lors du traitement de current_tenant_info: ERREUR:  la colonne tenant_document_appearance.show_company_name n'existe pas
LINE 1: ...color", "tenant_document_appearance"."show_logo", "tenant_do...
                                                             ^

Internal Server Error: /api/tenants/current_tenant_info/
ERROR 2025-07-24 19:11:46,551 log 32732 31312 Internal Server Error: /api/tenants/current_tenant_info/
[24/Jul/2025 19:11:46] "GET /api/tenants/current_tenant_info/ HTTP/1.1" 500 238
Internal Server Error: /api/tenants/e98f6cb6-1305-490a-9c41-2fab84f1bb80/
Traceback (most recent call last):
  File "C:\Users\elvis\AppData\Local\Programs\Python\Python313\Lib\site-packages\django\db\models\fields\related_descriptors.py", line 513, in __get__
    rel_obj = self.related.get_cached_value(instance)
  File "C:\Users\elvis\AppData\Local\Programs\Python\Python313\Lib\site-packages\django\db\models\fields\mixins.py", line 37, in get_cached_value
    return instance._state.fields_cache[self.cache_name]
           ~~~~~~~~~~~~~~~~~~~~~~~~~~~~^^^^^^^^^^^^^^^^^
KeyError: 'document_appearance'

During handling of the above exception, another exception occurred:

Traceback (most recent call last):
  File "C:\Users\elvis\AppData\Local\Programs\Python\Python313\Lib\site-packages\django\db\backends\utils.py", line 105, in _execute
    return self.cursor.execute(sql, params)
           ~~~~~~~~~~~~~~~~~~~^^^^^^^^^^^^^
psycopg2.errors.UndefinedColumn: ERREUR:  la colonne tenant_document_appearance.show_company_name n'existe pas
LINE 1: ...color", "tenant_document_appearance"."show_logo", "tenant_do...
                                                             ^


The above exception was the direct cause of the following exception:

Traceback (most recent call last):
  File "C:\Users\elvis\AppData\Local\Programs\Python\Python313\Lib\site-packages\django\core\handlers\exception.py", line 55, in inner
    response = get_response(request)
  File "C:\Users\elvis\AppData\Local\Programs\Python\Python313\Lib\site-packages\django\core\handlers\base.py", line 197, in _get_response
    response = wrapped_callback(request, *callback_args, **callback_kwargs)
  File "C:\Users\elvis\AppData\Local\Programs\Python\Python313\Lib\site-packages\django\views\decorators\csrf.py", line 65, in _view_wrapper
    return view_func(request, *args, **kwargs)
  File "C:\Users\elvis\AppData\Local\Programs\Python\Python313\Lib\site-packages\rest_framework\viewsets.py", line 125, in view
    return self.dispatch(request, *args, **kwargs)
           ~~~~~~~~~~~~~^^^^^^^^^^^^^^^^^^^^^^^^^^
  File "C:\Users\elvis\AppData\Local\Programs\Python\Python313\Lib\site-packages\rest_framework\views.py", line 515, in dispatch
    response = self.handle_exception(exc)
  File "C:\Users\elvis\AppData\Local\Programs\Python\Python313\Lib\site-packages\rest_framework\views.py", line 475, in handle_exception
    self.raise_uncaught_exception(exc)
    ~~~~~~~~~~~~~~~~~~~~~~~~~~~~~^^^^^
  File "C:\Users\elvis\AppData\Local\Programs\Python\Python313\Lib\site-packages\rest_framework\views.py", line 486, in raise_uncaught_exception
    raise exc
  File "C:\Users\elvis\AppData\Local\Programs\Python\Python313\Lib\site-packages\rest_framework\views.py", line 512, in dispatch
    response = handler(request, *args, **kwargs)
  File "C:\Users\elvis\AppData\Local\Programs\Python\Python313\Lib\site-packages\rest_framework\mixins.py", line 56, in retrieve
    return Response(serializer.data)
                    ^^^^^^^^^^^^^^^
  File "C:\Users\elvis\AppData\Local\Programs\Python\Python313\Lib\site-packages\rest_framework\serializers.py", line 573, in data
    ret = super().data
          ^^^^^^^^^^^^
  File "C:\Users\elvis\AppData\Local\Programs\Python\Python313\Lib\site-packages\rest_framework\serializers.py", line 251, in data
    self._data = self.to_representation(self.instance)
                 ~~~~~~~~~~~~~~~~~~~~~~^^^^^^^^^^^^^^^
  File "C:\Users\elvis\AppData\Local\Programs\Python\Python313\Lib\site-packages\rest_framework\serializers.py", line 527, in to_representation
    attribute = field.get_attribute(instance)
  File "C:\Users\elvis\AppData\Local\Programs\Python\Python313\Lib\site-packages\rest_framework\fields.py", line 437, in get_attribute
    return get_attribute(instance, self.source_attrs)
  File "C:\Users\elvis\AppData\Local\Programs\Python\Python313\Lib\site-packages\rest_framework\fields.py", line 104, in get_attribute
    instance = getattr(instance, attr)
  File "C:\Users\elvis\AppData\Local\Programs\Python\Python313\Lib\site-packages\django\db\models\fields\related_descriptors.py", line 520, in __get__
    rel_obj = self.get_queryset(instance=instance).get(**filter_args)
  File "C:\Users\elvis\AppData\Local\Programs\Python\Python313\Lib\site-packages\django\db\models\query.py", line 629, in get
    num = len(clone)
  File "C:\Users\elvis\AppData\Local\Programs\Python\Python313\Lib\site-packages\django\db\models\query.py", line 366, in __len__
    self._fetch_all()
    ~~~~~~~~~~~~~~~^^
  File "C:\Users\elvis\AppData\Local\Programs\Python\Python313\Lib\site-packages\django\db\models\query.py", line 1935, in _fetch_all
    self._result_cache = list(self._iterable_class(self))
                         ~~~~^^^^^^^^^^^^^^^^^^^^^^^^^^^^
  File "C:\Users\elvis\AppData\Local\Programs\Python\Python313\Lib\site-packages\django\db\models\query.py", line 91, in __iter__
    results = compiler.execute_sql(
        chunked_fetch=self.chunked_fetch, chunk_size=self.chunk_size
    )
  File "C:\Users\elvis\AppData\Local\Programs\Python\Python313\Lib\site-packages\django\db\models\sql\compiler.py", line 1622, in execute_sql
    cursor.execute(sql, params)
    ~~~~~~~~~~~~~~^^^^^^^^^^^^^
  File "C:\Users\elvis\AppData\Local\Programs\Python\Python313\Lib\site-packages\django\db\backends\utils.py", line 122, in execute
    return super().execute(sql, params)
           ~~~~~~~~~~~~~~~^^^^^^^^^^^^^
  File "C:\Users\elvis\AppData\Local\Programs\Python\Python313\Lib\site-packages\django\db\backends\utils.py", line 79, in execute
    return self._execute_with_wrappers(
           ~~~~~~~~~~~~~~~~~~~~~~~~~~~^
        sql, params, many=False, executor=self._execute
        ^^^^^^^^^^^^^^^^^^^^^^^^^^^^^^^^^^^^^^^^^^^^^^^
    )
    ^
  File "C:\Users\elvis\AppData\Local\Programs\Python\Python313\Lib\site-packages\django\db\backends\utils.py", line 92, in _execute_with_wrappers
    return executor(sql, params, many, context)
  File "C:\Users\elvis\AppData\Local\Programs\Python\Python313\Lib\site-packages\django\db\backends\utils.py", line 100, in _execute
    with self.db.wrap_database_errors:
         ^^^^^^^^^^^^^^^^^^^^^^^^^^^^
  File "C:\Users\elvis\AppData\Local\Programs\Python\Python313\Lib\site-packages\django\db\utils.py", line 91, in __exit__
    raise dj_exc_value.with_traceback(traceback) from exc_value
  File "C:\Users\elvis\AppData\Local\Programs\Python\Python313\Lib\site-packages\django\db\backends\utils.py", line 105, in _execute
    return self.cursor.execute(sql, params)
           ~~~~~~~~~~~~~~~~~~~^^^^^^^^^^^^^
django.db.utils.ProgrammingError: ERREUR:  la colonne tenant_document_appearance.show_company_name n'existe pas
LINE 1: ...color", "tenant_document_appearance"."show_logo", "tenant_do...
                                                             ^

ERROR 2025-07-24 19:11:48,699 log 32732 31864 Internal Server Error: /api/tenants/e98f6cb6-1305-490a-9c41-2fab84f1bb80/
Traceback (most recent call last):
  File "C:\Users\elvis\AppData\Local\Programs\Python\Python313\Lib\site-packages\django\db\models\fields\related_descriptors.py", line 513, in __get__
    rel_obj = self.related.get_cached_value(instance)
  File "C:\Users\elvis\AppData\Local\Programs\Python\Python313\Lib\site-packages\django\db\models\fields\mixins.py", line 37, in get_cached_value
    return instance._state.fields_cache[self.cache_name]
           ~~~~~~~~~~~~~~~~~~~~~~~~~~~~^^^^^^^^^^^^^^^^^
KeyError: 'document_appearance'

During handling of the above exception, another exception occurred:

Traceback (most recent call last):
  File "C:\Users\elvis\AppData\Local\Programs\Python\Python313\Lib\site-packages\django\db\backends\utils.py", line 105, in _execute
    return self.cursor.execute(sql, params)
           ~~~~~~~~~~~~~~~~~~~^^^^^^^^^^^^^
psycopg2.errors.UndefinedColumn: ERREUR:  la colonne tenant_document_appearance.show_company_name n'existe pas
LINE 1: ...color", "tenant_document_appearance"."show_logo", "tenant_do...
                                                             ^


The above exception was the direct cause of the following exception:

Traceback (most recent call last):
  File "C:\Users\elvis\AppData\Local\Programs\Python\Python313\Lib\site-packages\django\core\handlers\exception.py", line 55, in inner
    response = get_response(request)
  File "C:\Users\elvis\AppData\Local\Programs\Python\Python313\Lib\site-packages\django\core\handlers\base.py", line 197, in _get_response
    response = wrapped_callback(request, *callback_args, **callback_kwargs)
  File "C:\Users\elvis\AppData\Local\Programs\Python\Python313\Lib\site-packages\django\views\decorators\csrf.py", line 65, in _view_wrapper
    return view_func(request, *args, **kwargs)
  File "C:\Users\elvis\AppData\Local\Programs\Python\Python313\Lib\site-packages\rest_framework\viewsets.py", line 125, in view
    return self.dispatch(request, *args, **kwargs)
           ~~~~~~~~~~~~~^^^^^^^^^^^^^^^^^^^^^^^^^^
  File "C:\Users\elvis\AppData\Local\Programs\Python\Python313\Lib\site-packages\rest_framework\views.py", line 515, in dispatch
    response = self.handle_exception(exc)
  File "C:\Users\elvis\AppData\Local\Programs\Python\Python313\Lib\site-packages\rest_framework\views.py", line 475, in handle_exception
    self.raise_uncaught_exception(exc)
    ~~~~~~~~~~~~~~~~~~~~~~~~~~~~~^^^^^
  File "C:\Users\elvis\AppData\Local\Programs\Python\Python313\Lib\site-packages\rest_framework\views.py", line 486, in raise_uncaught_exception
    raise exc
  File "C:\Users\elvis\AppData\Local\Programs\Python\Python313\Lib\site-packages\rest_framework\views.py", line 512, in dispatch
    response = handler(request, *args, **kwargs)
  File "C:\Users\elvis\AppData\Local\Programs\Python\Python313\Lib\site-packages\rest_framework\mixins.py", line 56, in retrieve
    return Response(serializer.data)
                    ^^^^^^^^^^^^^^^
  File "C:\Users\elvis\AppData\Local\Programs\Python\Python313\Lib\site-packages\rest_framework\serializers.py", line 573, in data
    ret = super().data
          ^^^^^^^^^^^^
  File "C:\Users\elvis\AppData\Local\Programs\Python\Python313\Lib\site-packages\rest_framework\serializers.py", line 251, in data
    self._data = self.to_representation(self.instance)
                 ~~~~~~~~~~~~~~~~~~~~~~^^^^^^^^^^^^^^^
  File "C:\Users\elvis\AppData\Local\Programs\Python\Python313\Lib\site-packages\rest_framework\serializers.py", line 527, in to_representation
    attribute = field.get_attribute(instance)
  File "C:\Users\elvis\AppData\Local\Programs\Python\Python313\Lib\site-packages\rest_framework\fields.py", line 437, in get_attribute
    return get_attribute(instance, self.source_attrs)
  File "C:\Users\elvis\AppData\Local\Programs\Python\Python313\Lib\site-packages\rest_framework\fields.py", line 104, in get_attribute
    instance = getattr(instance, attr)
  File "C:\Users\elvis\AppData\Local\Programs\Python\Python313\Lib\site-packages\django\db\models\fields\related_descriptors.py", line 520, in __get__
    rel_obj = self.get_queryset(instance=instance).get(**filter_args)
  File "C:\Users\elvis\AppData\Local\Programs\Python\Python313\Lib\site-packages\django\db\models\query.py", line 629, in get
    num = len(clone)
  File "C:\Users\elvis\AppData\Local\Programs\Python\Python313\Lib\site-packages\django\db\models\query.py", line 366, in __len__
    self._fetch_all()
    ~~~~~~~~~~~~~~~^^
  File "C:\Users\elvis\AppData\Local\Programs\Python\Python313\Lib\site-packages\django\db\models\query.py", line 1935, in _fetch_all
    self._result_cache = list(self._iterable_class(self))
                         ~~~~^^^^^^^^^^^^^^^^^^^^^^^^^^^^
  File "C:\Users\elvis\AppData\Local\Programs\Python\Python313\Lib\site-packages\django\db\models\query.py", line 91, in __iter__
    results = compiler.execute_sql(
        chunked_fetch=self.chunked_fetch, chunk_size=self.chunk_size
    )
  File "C:\Users\elvis\AppData\Local\Programs\Python\Python313\Lib\site-packages\django\db\models\sql\compiler.py", line 1622, in execute_sql
    cursor.execute(sql, params)
    ~~~~~~~~~~~~~~^^^^^^^^^^^^^
  File "C:\Users\elvis\AppData\Local\Programs\Python\Python313\Lib\site-packages\django\db\backends\utils.py", line 122, in execute
    return super().execute(sql, params)
           ~~~~~~~~~~~~~~~^^^^^^^^^^^^^
  File "C:\Users\elvis\AppData\Local\Programs\Python\Python313\Lib\site-packages\django\db\backends\utils.py", line 79, in execute
    return self._execute_with_wrappers(
           ~~~~~~~~~~~~~~~~~~~~~~~~~~~^
        sql, params, many=False, executor=self._execute
        ^^^^^^^^^^^^^^^^^^^^^^^^^^^^^^^^^^^^^^^^^^^^^^^
    )
    ^
  File "C:\Users\elvis\AppData\Local\Programs\Python\Python313\Lib\site-packages\django\db\backends\utils.py", line 92, in _execute_with_wrappers
    return executor(sql, params, many, context)
  File "C:\Users\elvis\AppData\Local\Programs\Python\Python313\Lib\site-packages\django\db\backends\utils.py", line 100, in _execute
    with self.db.wrap_database_errors:
         ^^^^^^^^^^^^^^^^^^^^^^^^^^^^
  File "C:\Users\elvis\AppData\Local\Programs\Python\Python313\Lib\site-packages\django\db\utils.py", line 91, in __exit__
    raise dj_exc_value.with_traceback(traceback) from exc_value
  File "C:\Users\elvis\AppData\Local\Programs\Python\Python313\Lib\site-packages\django\db\backends\utils.py", line 105, in _execute
    return self.cursor.execute(sql, params)
           ~~~~~~~~~~~~~~~~~~~^^^^^^^^^^^^^
django.db.utils.ProgrammingError: ERREUR:  la colonne tenant_document_appearance.show_company_name n'existe pas
LINE 1: ...color", "tenant_document_appearance"."show_logo", "tenant_do...
                                                             ^

[24/Jul/2025 19:11:48] "GET /api/tenants/e98f6cb6-1305-490a-9c41-2fab84f1bb80/ HTTP/1.1" 500 252784
Internal Server Error: /api/tenants/e98f6cb6-1305-490a-9c41-2fab84f1bb80/
Traceback (most recent call last):
  File "C:\Users\elvis\AppData\Local\Programs\Python\Python313\Lib\site-packages\django\db\models\fields\related_descriptors.py", line 513, in __get__
    rel_obj = self.related.get_cached_value(instance)
  File "C:\Users\elvis\AppData\Local\Programs\Python\Python313\Lib\site-packages\django\db\models\fields\mixins.py", line 37, in get_cached_value
    return instance._state.fields_cache[self.cache_name]
           ~~~~~~~~~~~~~~~~~~~~~~~~~~~~^^^^^^^^^^^^^^^^^
KeyError: 'document_appearance'

During handling of the above exception, another exception occurred:

Traceback (most recent call last):
  File "C:\Users\elvis\AppData\Local\Programs\Python\Python313\Lib\site-packages\django\db\backends\utils.py", line 105, in _execute
    return self.cursor.execute(sql, params)
           ~~~~~~~~~~~~~~~~~~~^^^^^^^^^^^^^
psycopg2.errors.UndefinedColumn: ERREUR:  la colonne tenant_document_appearance.show_company_name n'existe pas
LINE 1: ...color", "tenant_document_appearance"."show_logo", "tenant_do...
                                                             ^


The above exception was the direct cause of the following exception:

Traceback (most recent call last):
  File "C:\Users\elvis\AppData\Local\Programs\Python\Python313\Lib\site-packages\django\core\handlers\exception.py", line 55, in inner
    response = get_response(request)
  File "C:\Users\elvis\AppData\Local\Programs\Python\Python313\Lib\site-packages\django\core\handlers\base.py", line 197, in _get_response
    response = wrapped_callback(request, *callback_args, **callback_kwargs)
  File "C:\Users\elvis\AppData\Local\Programs\Python\Python313\Lib\site-packages\django\views\decorators\csrf.py", line 65, in _view_wrapper
    return view_func(request, *args, **kwargs)
  File "C:\Users\elvis\AppData\Local\Programs\Python\Python313\Lib\site-packages\rest_framework\viewsets.py", line 125, in view
    return self.dispatch(request, *args, **kwargs)
           ~~~~~~~~~~~~~^^^^^^^^^^^^^^^^^^^^^^^^^^
  File "C:\Users\elvis\AppData\Local\Programs\Python\Python313\Lib\site-packages\rest_framework\views.py", line 515, in dispatch
    response = self.handle_exception(exc)
  File "C:\Users\elvis\AppData\Local\Programs\Python\Python313\Lib\site-packages\rest_framework\views.py", line 475, in handle_exception
    self.raise_uncaught_exception(exc)
    ~~~~~~~~~~~~~~~~~~~~~~~~~~~~~^^^^^
  File "C:\Users\elvis\AppData\Local\Programs\Python\Python313\Lib\site-packages\rest_framework\views.py", line 486, in raise_uncaught_exception
    raise exc
  File "C:\Users\elvis\AppData\Local\Programs\Python\Python313\Lib\site-packages\rest_framework\views.py", line 512, in dispatch
    response = handler(request, *args, **kwargs)
  File "C:\Users\elvis\AppData\Local\Programs\Python\Python313\Lib\site-packages\rest_framework\mixins.py", line 56, in retrieve
    return Response(serializer.data)
                    ^^^^^^^^^^^^^^^
  File "C:\Users\elvis\AppData\Local\Programs\Python\Python313\Lib\site-packages\rest_framework\serializers.py", line 573, in data
    ret = super().data
          ^^^^^^^^^^^^
  File "C:\Users\elvis\AppData\Local\Programs\Python\Python313\Lib\site-packages\rest_framework\serializers.py", line 251, in data
    self._data = self.to_representation(self.instance)
                 ~~~~~~~~~~~~~~~~~~~~~~^^^^^^^^^^^^^^^
  File "C:\Users\elvis\AppData\Local\Programs\Python\Python313\Lib\site-packages\rest_framework\serializers.py", line 527, in to_representation
    attribute = field.get_attribute(instance)
  File "C:\Users\elvis\AppData\Local\Programs\Python\Python313\Lib\site-packages\rest_framework\fields.py", line 437, in get_attribute
    return get_attribute(instance, self.source_attrs)
  File "C:\Users\elvis\AppData\Local\Programs\Python\Python313\Lib\site-packages\rest_framework\fields.py", line 104, in get_attribute
    instance = getattr(instance, attr)
  File "C:\Users\elvis\AppData\Local\Programs\Python\Python313\Lib\site-packages\django\db\models\fields\related_descriptors.py", line 520, in __get__
    rel_obj = self.get_queryset(instance=instance).get(**filter_args)
  File "C:\Users\elvis\AppData\Local\Programs\Python\Python313\Lib\site-packages\django\db\models\query.py", line 629, in get
    num = len(clone)
  File "C:\Users\elvis\AppData\Local\Programs\Python\Python313\Lib\site-packages\django\db\models\query.py", line 366, in __len__
    self._fetch_all()
    ~~~~~~~~~~~~~~~^^
  File "C:\Users\elvis\AppData\Local\Programs\Python\Python313\Lib\site-packages\django\db\models\query.py", line 1935, in _fetch_all
    self._result_cache = list(self._iterable_class(self))
                         ~~~~^^^^^^^^^^^^^^^^^^^^^^^^^^^^
  File "C:\Users\elvis\AppData\Local\Programs\Python\Python313\Lib\site-packages\django\db\models\query.py", line 91, in __iter__
    results = compiler.execute_sql(
        chunked_fetch=self.chunked_fetch, chunk_size=self.chunk_size
    )
  File "C:\Users\elvis\AppData\Local\Programs\Python\Python313\Lib\site-packages\django\db\models\sql\compiler.py", line 1622, in execute_sql
    cursor.execute(sql, params)
    ~~~~~~~~~~~~~~^^^^^^^^^^^^^
  File "C:\Users\elvis\AppData\Local\Programs\Python\Python313\Lib\site-packages\django\db\backends\utils.py", line 122, in execute
    return super().execute(sql, params)
           ~~~~~~~~~~~~~~~^^^^^^^^^^^^^
  File "C:\Users\elvis\AppData\Local\Programs\Python\Python313\Lib\site-packages\django\db\backends\utils.py", line 79, in execute
    return self._execute_with_wrappers(
           ~~~~~~~~~~~~~~~~~~~~~~~~~~~^
        sql, params, many=False, executor=self._execute
        ^^^^^^^^^^^^^^^^^^^^^^^^^^^^^^^^^^^^^^^^^^^^^^^
    )
    ^
  File "C:\Users\elvis\AppData\Local\Programs\Python\Python313\Lib\site-packages\django\db\backends\utils.py", line 92, in _execute_with_wrappers
    return executor(sql, params, many, context)
  File "C:\Users\elvis\AppData\Local\Programs\Python\Python313\Lib\site-packages\django\db\backends\utils.py", line 100, in _execute
    with self.db.wrap_database_errors:
         ^^^^^^^^^^^^^^^^^^^^^^^^^^^^
  File "C:\Users\elvis\AppData\Local\Programs\Python\Python313\Lib\site-packages\django\db\utils.py", line 91, in __exit__
    raise dj_exc_value.with_traceback(traceback) from exc_value
  File "C:\Users\elvis\AppData\Local\Programs\Python\Python313\Lib\site-packages\django\db\backends\utils.py", line 105, in _execute
    return self.cursor.execute(sql, params)
           ~~~~~~~~~~~~~~~~~~~^^^^^^^^^^^^^
django.db.utils.ProgrammingError: ERREUR:  la colonne tenant_document_appearance.show_company_name n'existe pas
LINE 1: ...color", "tenant_document_appearance"."show_logo", "tenant_do...
                                                             ^

ERROR 2025-07-24 19:11:48,966 log 32732 29552 Internal Server Error: /api/tenants/e98f6cb6-1305-490a-9c41-2fab84f1bb80/
Traceback (most recent call last):
  File "C:\Users\elvis\AppData\Local\Programs\Python\Python313\Lib\site-packages\django\db\models\fields\related_descriptors.py", line 513, in __get__
    rel_obj = self.related.get_cached_value(instance)
  File "C:\Users\elvis\AppData\Local\Programs\Python\Python313\Lib\site-packages\django\db\models\fields\mixins.py", line 37, in get_cached_value
    return instance._state.fields_cache[self.cache_name]
           ~~~~~~~~~~~~~~~~~~~~~~~~~~~~^^^^^^^^^^^^^^^^^
KeyError: 'document_appearance'

During handling of the above exception, another exception occurred:

Traceback (most recent call last):
  File "C:\Users\elvis\AppData\Local\Programs\Python\Python313\Lib\site-packages\django\db\backends\utils.py", line 105, in _execute
    return self.cursor.execute(sql, params)
           ~~~~~~~~~~~~~~~~~~~^^^^^^^^^^^^^
psycopg2.errors.UndefinedColumn: ERREUR:  la colonne tenant_document_appearance.show_company_name n'existe pas
LINE 1: ...color", "tenant_document_appearance"."show_logo", "tenant_do...
                                                             ^


The above exception was the direct cause of the following exception:

Traceback (most recent call last):
  File "C:\Users\elvis\AppData\Local\Programs\Python\Python313\Lib\site-packages\django\core\handlers\exception.py", line 55, in inner
    response = get_response(request)
  File "C:\Users\elvis\AppData\Local\Programs\Python\Python313\Lib\site-packages\django\core\handlers\base.py", line 197, in _get_response
    response = wrapped_callback(request, *callback_args, **callback_kwargs)
  File "C:\Users\elvis\AppData\Local\Programs\Python\Python313\Lib\site-packages\django\views\decorators\csrf.py", line 65, in _view_wrapper
    return view_func(request, *args, **kwargs)
  File "C:\Users\elvis\AppData\Local\Programs\Python\Python313\Lib\site-packages\rest_framework\viewsets.py", line 125, in view
    return self.dispatch(request, *args, **kwargs)
           ~~~~~~~~~~~~~^^^^^^^^^^^^^^^^^^^^^^^^^^
  File "C:\Users\elvis\AppData\Local\Programs\Python\Python313\Lib\site-packages\rest_framework\views.py", line 515, in dispatch
    response = self.handle_exception(exc)
  File "C:\Users\elvis\AppData\Local\Programs\Python\Python313\Lib\site-packages\rest_framework\views.py", line 475, in handle_exception
    self.raise_uncaught_exception(exc)
    ~~~~~~~~~~~~~~~~~~~~~~~~~~~~~^^^^^
  File "C:\Users\elvis\AppData\Local\Programs\Python\Python313\Lib\site-packages\rest_framework\views.py", line 486, in raise_uncaught_exception
    raise exc
  File "C:\Users\elvis\AppData\Local\Programs\Python\Python313\Lib\site-packages\rest_framework\views.py", line 512, in dispatch
    response = handler(request, *args, **kwargs)
  File "C:\Users\elvis\AppData\Local\Programs\Python\Python313\Lib\site-packages\rest_framework\mixins.py", line 56, in retrieve
    return Response(serializer.data)
                    ^^^^^^^^^^^^^^^
  File "C:\Users\elvis\AppData\Local\Programs\Python\Python313\Lib\site-packages\rest_framework\serializers.py", line 573, in data
    ret = super().data
          ^^^^^^^^^^^^
  File "C:\Users\elvis\AppData\Local\Programs\Python\Python313\Lib\site-packages\rest_framework\serializers.py", line 251, in data
    self._data = self.to_representation(self.instance)
                 ~~~~~~~~~~~~~~~~~~~~~~^^^^^^^^^^^^^^^
  File "C:\Users\elvis\AppData\Local\Programs\Python\Python313\Lib\site-packages\rest_framework\serializers.py", line 527, in to_representation
    attribute = field.get_attribute(instance)
  File "C:\Users\elvis\AppData\Local\Programs\Python\Python313\Lib\site-packages\rest_framework\fields.py", line 437, in get_attribute
    return get_attribute(instance, self.source_attrs)
  File "C:\Users\elvis\AppData\Local\Programs\Python\Python313\Lib\site-packages\rest_framework\fields.py", line 104, in get_attribute
    instance = getattr(instance, attr)
  File "C:\Users\elvis\AppData\Local\Programs\Python\Python313\Lib\site-packages\django\db\models\fields\related_descriptors.py", line 520, in __get__
    rel_obj = self.get_queryset(instance=instance).get(**filter_args)
  File "C:\Users\elvis\AppData\Local\Programs\Python\Python313\Lib\site-packages\django\db\models\query.py", line 629, in get
    num = len(clone)
  File "C:\Users\elvis\AppData\Local\Programs\Python\Python313\Lib\site-packages\django\db\models\query.py", line 366, in __len__
    self._fetch_all()
    ~~~~~~~~~~~~~~~^^
  File "C:\Users\elvis\AppData\Local\Programs\Python\Python313\Lib\site-packages\django\db\models\query.py", line 1935, in _fetch_all
    self._result_cache = list(self._iterable_class(self))
                         ~~~~^^^^^^^^^^^^^^^^^^^^^^^^^^^^
  File "C:\Users\elvis\AppData\Local\Programs\Python\Python313\Lib\site-packages\django\db\models\query.py", line 91, in __iter__
    results = compiler.execute_sql(
        chunked_fetch=self.chunked_fetch, chunk_size=self.chunk_size
    )
  File "C:\Users\elvis\AppData\Local\Programs\Python\Python313\Lib\site-packages\django\db\models\sql\compiler.py", line 1622, in execute_sql
    cursor.execute(sql, params)
    ~~~~~~~~~~~~~~^^^^^^^^^^^^^
  File "C:\Users\elvis\AppData\Local\Programs\Python\Python313\Lib\site-packages\django\db\backends\utils.py", line 122, in execute
    return super().execute(sql, params)
           ~~~~~~~~~~~~~~~^^^^^^^^^^^^^
  File "C:\Users\elvis\AppData\Local\Programs\Python\Python313\Lib\site-packages\django\db\backends\utils.py", line 79, in execute
    return self._execute_with_wrappers(
           ~~~~~~~~~~~~~~~~~~~~~~~~~~~^
        sql, params, many=False, executor=self._execute
        ^^^^^^^^^^^^^^^^^^^^^^^^^^^^^^^^^^^^^^^^^^^^^^^
    )
    ^
  File "C:\Users\elvis\AppData\Local\Programs\Python\Python313\Lib\site-packages\django\db\backends\utils.py", line 92, in _execute_with_wrappers
    return executor(sql, params, many, context)
  File "C:\Users\elvis\AppData\Local\Programs\Python\Python313\Lib\site-packages\django\db\backends\utils.py", line 100, in _execute
    with self.db.wrap_database_errors:
         ^^^^^^^^^^^^^^^^^^^^^^^^^^^^
  File "C:\Users\elvis\AppData\Local\Programs\Python\Python313\Lib\site-packages\django\db\utils.py", line 91, in __exit__
    raise dj_exc_value.with_traceback(traceback) from exc_value
  File "C:\Users\elvis\AppData\Local\Programs\Python\Python313\Lib\site-packages\django\db\backends\utils.py", line 105, in _execute
    return self.cursor.execute(sql, params)
           ~~~~~~~~~~~~~~~~~~~^^^^^^^^^^^^^
django.db.utils.ProgrammingError: ERREUR:  la colonne tenant_document_appearance.show_company_name n'existe pas
LINE 1: ...color", "tenant_document_appearance"."show_logo", "tenant_do...
                                                             ^

[24/Jul/2025 19:11:48] "GET /api/tenants/e98f6cb6-1305-490a-9c41-2fab84f1bb80/ HTTP/1.1" 500 252784
INFO 2025-07-24 19:11:49,392 views 32732 15712 Appel à current_tenant_info - Méthode: GET - Headers: {'Content-Length': '', 'Content-Type': 'text/plain', 'Host': 'localhost:8001', 'Connection': 'keep-alive', 'Pragma': 'no-cache', 'Cache-Control': 'no-cache', 'Sec-Ch-Ua-Platform': '"Android"', 'Authorization': 'Bearer eyJhbGciOiJIUzI1NiIsInR5cCI6IkpXVCJ9.eyJ0b2tlbl90eXBlIjoiYWNjZXNzIiwiZXhwIjoxNzUzMzg0MzAyLCJpYXQiOjE3NTMzNjY4MDgsImp0aSI6IjFlZDE0N2I3OTUwMDQwZjQ4MjRiMzExMmNlOTdiMmVhIiwidXNlcl9pZCI6IjVjODQ0ODAxLWQwYzktNDBjMi04NWI4LTMxNGVhZGFhNGM5ZCIsInRlbmFudF9pZCI6ImU5OGY2Y2I2LTEzMDUtNDkwYS05YzQxLTJmYWI4NGYxYmI4MCIsImVtYWlsIjoiYXJvbm53aW5uZXJAYmVlbmF5YS5jb20iLCJpc192ZXJpZmllZCI6ZmFsc2UsImZ1bGxfbmFtZSI6IkFyb25uIFdpbm5lciJ9.TWpIeiHJXg8Akvtl7U_7er4w8VDNtisYS_ZShBrYYWY', 'User-Agent': 'Mozilla/5.0 (Linux; Android 6.0; Nexus 5 Build/MRA58N) AppleWebKit/537.36 (KHTML, like Gecko) Chrome/138.0.0.0 Mobile Safari/537.36', 'Accept': 'application/json, text/plain, */*', 'Sec-Ch-Ua': '"Not)A;Brand";v="8", "Chromium";v="138", "Google Chrome";v="138"', 'X-Tenant-Id': 'e98f6cb6-1305-490a-9c41-2fab84f1bb80', 'Sec-Ch-Ua-Mobile': '?1', 'Origin': 'http://localhost:8080', 'Sec-Fetch-Site': 'same-site', 'Sec-Fetch-Mode': 'cors', 'Sec-Fetch-Dest': 'empty', 'Referer': 'http://localhost:8080/', 'Accept-Encoding': 'gzip, deflate, br, zstd', 'Accept-Language': 'fr-FR,fr;q=0.9,en-US;q=0.8,en;q=0.7'}
INFO 2025-07-24 19:11:49,393 views 32732 15712 Appel à current_tenant_info - URL: /api/tenants/current_tenant_info/
ERROR 2025-07-24 19:11:49,557 views 32732 15712 Erreur lors du traitement de current_tenant_info: ERREUR:  la colonne tenant_document_appearance.show_company_name n'existe pas
LINE 1: ...color", "tenant_document_appearance"."show_logo", "tenant_do...
                                                             ^

Internal Server Error: /api/tenants/current_tenant_info/
ERROR 2025-07-24 19:11:49,557 log 32732 15712 Internal Server Error: /api/tenants/current_tenant_info/
[24/Jul/2025 19:11:49] "GET /api/tenants/current_tenant_info/ HTTP/1.1" 500 238
INFO 2025-07-24 19:11:50,204 views 32732 26248 Appel à current_tenant_info - Méthode: GET - Headers: {'Content-Length': '', 'Content-Type': 'text/plain', 'Host': 'localhost:8001', 'Connection': 'keep-alive', 'Pragma': 'no-cache', 'Cache-Control': 'no-cache', 'Sec-Ch-Ua-Platform': '"Android"', 'Authorization': 'Bearer eyJhbGciOiJIUzI1NiIsInR5cCI6IkpXVCJ9.eyJ0b2tlbl90eXBlIjoiYWNjZXNzIiwiZXhwIjoxNzUzMzg0MzAyLCJpYXQiOjE3NTMzNjY4MDgsImp0aSI6IjFlZDE0N2I3OTUwMDQwZjQ4MjRiMzExMmNlOTdiMmVhIiwidXNlcl9pZCI6IjVjODQ0ODAxLWQwYzktNDBjMi04NWI4LTMxNGVhZGFhNGM5ZCIsInRlbmFudF9pZCI6ImU5OGY2Y2I2LTEzMDUtNDkwYS05YzQxLTJmYWI4NGYxYmI4MCIsImVtYWlsIjoiYXJvbm53aW5uZXJAYmVlbmF5YS5jb20iLCJpc192ZXJpZmllZCI6ZmFsc2UsImZ1bGxfbmFtZSI6IkFyb25uIFdpbm5lciJ9.TWpIeiHJXg8Akvtl7U_7er4w8VDNtisYS_ZShBrYYWY', 'User-Agent': 'Mozilla/5.0 (Linux; Android 6.0; Nexus 5 Build/MRA58N) AppleWebKit/537.36 (KHTML, like Gecko) Chrome/138.0.0.0 Mobile Safari/537.36', 'Accept': 'application/json, text/plain, */*', 'Sec-Ch-Ua': '"Not)A;Brand";v="8", "Chromium";v="138", "Google Chrome";v="138"', 'X-Tenant-Id': 'e98f6cb6-1305-490a-9c41-2fab84f1bb80', 'Sec-Ch-Ua-Mobile': '?1', 'Origin': 'http://localhost:8080', 'Sec-Fetch-Site': 'same-site', 'Sec-Fetch-Mode': 'cors', 'Sec-Fetch-Dest': 'empty', 'Referer': 'http://localhost:8080/', 'Accept-Encoding': 'gzip, deflate, br, zstd', 'Accept-Language': 'fr-FR,fr;q=0.9,en-US;q=0.8,en;q=0.7'}
INFO 2025-07-24 19:11:50,205 views 32732 26248 Appel à current_tenant_info - URL: /api/tenants/current_tenant_info/
ERROR 2025-07-24 19:11:50,262 views 32732 26248 Erreur lors du traitement de current_tenant_info: ERREUR:  la colonne tenant_document_appearance.show_company_name n'existe pas
LINE 1: ...color", "tenant_document_appearance"."show_logo", "tenant_do...
                                                             ^

Internal Server Error: /api/tenants/current_tenant_info/
ERROR 2025-07-24 19:11:50,262 log 32732 26248 Internal Server Error: /api/tenants/current_tenant_info/
[24/Jul/2025 19:11:50] "GET /api/tenants/current_tenant_info/ HTTP/1.1" 500 238
INFO 2025-07-24 19:11:50,460 views 32732 28008 Appel à current_tenant_info - Méthode: GET - Headers: {'Content-Length': '', 'Content-Type': 'text/plain', 'Host': 'localhost:8001', 'Connection': 'keep-alive', 'Pragma': 'no-cache', 'Cache-Control': 'no-cache', 'Sec-Ch-Ua-Platform': '"Android"', 'Authorization': 'Bearer eyJhbGciOiJIUzI1NiIsInR5cCI6IkpXVCJ9.eyJ0b2tlbl90eXBlIjoiYWNjZXNzIiwiZXhwIjoxNzUzMzg0MzAyLCJpYXQiOjE3NTMzNjY4MDgsImp0aSI6IjFlZDE0N2I3OTUwMDQwZjQ4MjRiMzExMmNlOTdiMmVhIiwidXNlcl9pZCI6IjVjODQ0ODAxLWQwYzktNDBjMi04NWI4LTMxNGVhZGFhNGM5ZCIsInRlbmFudF9pZCI6ImU5OGY2Y2I2LTEzMDUtNDkwYS05YzQxLTJmYWI4NGYxYmI4MCIsImVtYWlsIjoiYXJvbm53aW5uZXJAYmVlbmF5YS5jb20iLCJpc192ZXJpZmllZCI6ZmFsc2UsImZ1bGxfbmFtZSI6IkFyb25uIFdpbm5lciJ9.TWpIeiHJXg8Akvtl7U_7er4w8VDNtisYS_ZShBrYYWY', 'User-Agent': 'Mozilla/5.0 (Linux; Android 6.0; Nexus 5 Build/MRA58N) AppleWebKit/537.36 (KHTML, like Gecko) Chrome/138.0.0.0 Mobile Safari/537.36', 'Accept': 'application/json, text/plain, */*', 'Sec-Ch-Ua': '"Not)A;Brand";v="8", "Chromium";v="138", "Google Chrome";v="138"', 'X-Tenant-Id': 'e98f6cb6-1305-490a-9c41-2fab84f1bb80', 'Sec-Ch-Ua-Mobile': '?1', 'Origin': 'http://localhost:8080', 'Sec-Fetch-Site': 'same-site', 'Sec-Fetch-Mode': 'cors', 'Sec-Fetch-Dest': 'empty', 'Referer': 'http://localhost:8080/', 'Accept-Encoding': 'gzip, deflate, br, zstd', 'Accept-Language': 'fr-FR,fr;q=0.9,en-US;q=0.8,en;q=0.7'}
INFO 2025-07-24 19:11:50,461 views 32732 32208 Appel à current_tenant_info - Méthode: GET - Headers: {'Content-Length': '', 'Content-Type': 'text/plain', 'Host': 'localhost:8001', 'Connection': 'keep-alive', 'Pragma': 'no-cache', 'Cache-Control': 'no-cache', 'Sec-Ch-Ua-Platform': '"Android"', 'Authorization': 'Bearer eyJhbGciOiJIUzI1NiIsInR5cCI6IkpXVCJ9.eyJ0b2tlbl90eXBlIjoiYWNjZXNzIiwiZXhwIjoxNzUzMzg0MzAyLCJpYXQiOjE3NTMzNjY4MDgsImp0aSI6IjFlZDE0N2I3OTUwMDQwZjQ4MjRiMzExMmNlOTdiMmVhIiwidXNlcl9pZCI6IjVjODQ0ODAxLWQwYzktNDBjMi04NWI4LTMxNGVhZGFhNGM5ZCIsInRlbmFudF9pZCI6ImU5OGY2Y2I2LTEzMDUtNDkwYS05YzQxLTJmYWI4NGYxYmI4MCIsImVtYWlsIjoiYXJvbm53aW5uZXJAYmVlbmF5YS5jb20iLCJpc192ZXJpZmllZCI6ZmFsc2UsImZ1bGxfbmFtZSI6IkFyb25uIFdpbm5lciJ9.TWpIeiHJXg8Akvtl7U_7er4w8VDNtisYS_ZShBrYYWY', 'User-Agent': 'Mozilla/5.0 (Linux; Android 6.0; Nexus 5 Build/MRA58N) AppleWebKit/537.36 (KHTML, like Gecko) Chrome/138.0.0.0 Mobile Safari/537.36', 'Accept': 'application/json, text/plain, */*', 'Sec-Ch-Ua': '"Not)A;Brand";v="8", "Chromium";v="138", "Google Chrome";v="138"', 'X-Tenant-Id': 'e98f6cb6-1305-490a-9c41-2fab84f1bb80', 'Sec-Ch-Ua-Mobile': '?1', 'Origin': 'http://localhost:8080', 'Sec-Fetch-Site': 'same-site', 'Sec-Fetch-Mode': 'cors', 'Sec-Fetch-Dest': 'empty', 'Referer': 'http://localhost:8080/', 'Accept-Encoding': 'gzip, deflate, br, zstd', 'Accept-Language': 'fr-FR,fr;q=0.9,en-US;q=0.8,en;q=0.7'}
INFO 2025-07-24 19:11:50,461 views 32732 28008 Appel à current_tenant_info - URL: /api/tenants/current_tenant_info/
INFO 2025-07-24 19:11:50,461 views 32732 32208 Appel à current_tenant_info - URL: /api/tenants/current_tenant_info/
ERROR 2025-07-24 19:11:50,514 views 32732 32208 Erreur lors du traitement de current_tenant_info: ERREUR:  la colonne tenant_document_appearance.show_company_name n'existe pas
LINE 1: ...color", "tenant_document_appearance"."show_logo", "tenant_do...
                                                             ^

Internal Server Error: /api/tenants/current_tenant_info/
ERROR 2025-07-24 19:11:50,514 log 32732 32208 Internal Server Error: /api/tenants/current_tenant_info/
[24/Jul/2025 19:11:50] "GET /api/tenants/current_tenant_info/ HTTP/1.1" 500 238
ERROR 2025-07-24 19:11:50,516 views 32732 28008 Erreur lors du traitement de current_tenant_info: ERREUR:  la colonne tenant_document_appearance.show_company_name n'existe pas
LINE 1: ...color", "tenant_document_appearance"."show_logo", "tenant_do...
                                                             ^

Internal Server Error: /api/tenants/current_tenant_info/
ERROR 2025-07-24 19:11:50,516 log 32732 28008 Internal Server Error: /api/tenants/current_tenant_info/
[24/Jul/2025 19:11:50] "GET /api/tenants/current_tenant_info/ HTTP/1.1" 500 238
D:\beenaya-soa\soa\services\tenant-service\tenants\views_document_appearance.py changed, reloading.
INFO 2025-07-24 20:28:03,745 autoreload 32732 29728 D:\beenaya-soa\soa\services\tenant-service\tenants\views_document_appearance.py changed, reloading.
Performing system checks...

System check identified no issues (0 silenced).

You have 1 unapplied migration(s). Your project may not work properly until you apply the migrations for app(s): tenants.
Run 'python manage.py migrate' to apply them.
July 24, 2025 - 19:06:48
Django version 5.2, using settings 'tenant_service.settings'
Starting development server at http://0.0.0.0:8001/
Quit the server with CTRL-BREAK.

WARNING: This is a development server. Do not use it in a production setting. Use a production WSGI or ASGI server instead.
For more information on production servers see: https://docs.djangoproject.com/en/5.2/howto/deployment/
Watching for file changes with StatReloader
INFO 2025-07-24 20:28:04,659 autoreload 25888 32724 Watching for file changes with StatReloader
C:\Users\elvis\AppData\Local\Programs\Python\Python313\Lib\site-packages\coreapi\utils.py:5: UserWarning: pkg_resources is deprecated as an API. See https://setuptools.pypa.io/en/latest/pkg_resources.html. The pkg_resources package is slated for removal as early as 2025-11-30. Refrain from using this package or pin to Setuptools<81.
  import pkg_resources
D:\beenaya-soa\soa\services\tenant-service\tenants\models.py changed, reloading.
INFO 2025-07-26 18:49:09,380 autoreload 25888 32724 D:\beenaya-soa\soa\services\tenant-service\tenants\models.py changed, reloading.
Performing system checks...

System check identified no issues (0 silenced).
July 24, 2025 - 20:28:06
Django version 5.2, using settings 'tenant_service.settings'
Starting development server at http://0.0.0.0:8001/
Quit the server with CTRL-BREAK.

WARNING: This is a development server. Do not use it in a production setting. Use a production WSGI or ASGI server instead.
For more information on production servers see: https://docs.djangoproject.com/en/5.2/howto/deployment/
Watching for file changes with StatReloader
INFO 2025-07-26 18:49:10,631 autoreload 34464 37780 Watching for file changes with StatReloader
C:\Users\elvis\AppData\Local\Programs\Python\Python313\Lib\site-packages\coreapi\utils.py:5: UserWarning: pkg_resources is deprecated as an API. See https://setuptools.pypa.io/en/latest/pkg_resources.html. The pkg_resources package is slated for removal as early as 2025-11-30. Refrain from using this package or pin to Setuptools<81.
  import pkg_resources
D:\beenaya-soa\soa\services\tenant-service\tenants\views.py changed, reloading.
INFO 2025-07-29 17:22:23,444 autoreload 34464 37780 D:\beenaya-soa\soa\services\tenant-service\tenants\views.py changed, reloading.
Performing system checks...

System check identified no issues (0 silenced).
July 26, 2025 - 18:49:12
Django version 5.2, using settings 'tenant_service.settings'
Starting development server at http://0.0.0.0:8001/
Quit the server with CTRL-BREAK.

WARNING: This is a development server. Do not use it in a production setting. Use a production WSGI or ASGI server instead.
For more information on production servers see: https://docs.djangoproject.com/en/5.2/howto/deployment/
Watching for file changes with StatReloader
INFO 2025-07-29 17:22:24,941 autoreload 9776 35532 Watching for file changes with StatReloader
C:\Users\elvis\AppData\Local\Programs\Python\Python313\Lib\site-packages\coreapi\utils.py:5: UserWarning: pkg_resources is deprecated as an API. See https://setuptools.pypa.io/en/latest/pkg_resources.html. The pkg_resources package is slated for removal as early as 2025-11-30. Refrain from using this package or pin to Setuptools<81.
  import pkg_resources
D:\beenaya-soa\soa\services\tenant-service\tenants\views.py changed, reloading.
INFO 2025-07-29 17:34:30,408 autoreload 9776 35532 D:\beenaya-soa\soa\services\tenant-service\tenants\views.py changed, reloading.
Performing system checks...

System check identified no issues (0 silenced).
July 29, 2025 - 17:22:27
Django version 5.2, using settings 'tenant_service.settings'
Starting development server at http://0.0.0.0:8001/
Quit the server with CTRL-BREAK.

WARNING: This is a development server. Do not use it in a production setting. Use a production WSGI or ASGI server instead.
For more information on production servers see: https://docs.djangoproject.com/en/5.2/howto/deployment/
Watching for file changes with StatReloader
INFO 2025-07-29 17:34:31,241 autoreload 13012 22688 Watching for file changes with StatReloader
C:\Users\elvis\AppData\Local\Programs\Python\Python313\Lib\site-packages\coreapi\utils.py:5: UserWarning: pkg_resources is deprecated as an API. See https://setuptools.pypa.io/en/latest/pkg_resources.html. The pkg_resources package is slated for removal as early as 2025-11-30. Refrain from using this package or pin to Setuptools<81.
  import pkg_resources
D:\beenaya-soa\soa\services\tenant-service\tenants\views.py changed, reloading.
INFO 2025-07-29 17:35:00,459 autoreload 13012 22688 D:\beenaya-soa\soa\services\tenant-service\tenants\views.py changed, reloading.
Performing system checks...

System check identified no issues (0 silenced).
July 29, 2025 - 17:34:33
Django version 5.2, using settings 'tenant_service.settings'
Starting development server at http://0.0.0.0:8001/
Quit the server with CTRL-BREAK.

WARNING: This is a development server. Do not use it in a production setting. Use a production WSGI or ASGI server instead.
For more information on production servers see: https://docs.djangoproject.com/en/5.2/howto/deployment/
Watching for file changes with StatReloader
INFO 2025-07-29 17:35:01,297 autoreload 22216 24720 Watching for file changes with StatReloader
C:\Users\elvis\AppData\Local\Programs\Python\Python313\Lib\site-packages\coreapi\utils.py:5: UserWarning: pkg_resources is deprecated as an API. See https://setuptools.pypa.io/en/latest/pkg_resources.html. The pkg_resources package is slated for removal as early as 2025-11-30. Refrain from using this package or pin to Setuptools<81.
  import pkg_resources
D:\beenaya-soa\soa\services\tenant-service\tenants\views.py changed, reloading.
INFO 2025-07-29 17:40:12,374 autoreload 22216 24720 D:\beenaya-soa\soa\services\tenant-service\tenants\views.py changed, reloading.
Performing system checks...

System check identified no issues (0 silenced).
July 29, 2025 - 17:35:03
Django version 5.2, using settings 'tenant_service.settings'
Starting development server at http://0.0.0.0:8001/
Quit the server with CTRL-BREAK.

WARNING: This is a development server. Do not use it in a production setting. Use a production WSGI or ASGI server instead.
For more information on production servers see: https://docs.djangoproject.com/en/5.2/howto/deployment/
Watching for file changes with StatReloader
INFO 2025-07-29 17:40:13,185 autoreload 26368 16492 Watching for file changes with StatReloader
C:\Users\elvis\AppData\Local\Programs\Python\Python313\Lib\site-packages\coreapi\utils.py:5: UserWarning: pkg_resources is deprecated as an API. See https://setuptools.pypa.io/en/latest/pkg_resources.html. The pkg_resources package is slated for removal as early as 2025-11-30. Refrain from using this package or pin to Setuptools<81.
  import pkg_resources
D:\beenaya-soa\soa\services\tenant-service\tenants\views.py changed, reloading.
INFO 2025-07-29 17:40:37,145 autoreload 26368 16492 D:\beenaya-soa\soa\services\tenant-service\tenants\views.py changed, reloading.
Performing system checks...

System check identified no issues (0 silenced).
July 29, 2025 - 17:40:15
Django version 5.2, using settings 'tenant_service.settings'
Starting development server at http://0.0.0.0:8001/
Quit the server with CTRL-BREAK.

WARNING: This is a development server. Do not use it in a production setting. Use a production WSGI or ASGI server instead.
For more information on production servers see: https://docs.djangoproject.com/en/5.2/howto/deployment/
Watching for file changes with StatReloader
INFO 2025-07-29 17:40:37,939 autoreload 27824 41944 Watching for file changes with StatReloader
C:\Users\elvis\AppData\Local\Programs\Python\Python313\Lib\site-packages\coreapi\utils.py:5: UserWarning: pkg_resources is deprecated as an API. See https://setuptools.pypa.io/en/latest/pkg_resources.html. The pkg_resources package is slated for removal as early as 2025-11-30. Refrain from using this package or pin to Setuptools<81.
  import pkg_resources
D:\beenaya-soa\soa\services\tenant-service\tenants\views.py changed, reloading.
INFO 2025-07-29 18:30:35,397 autoreload 27824 41944 D:\beenaya-soa\soa\services\tenant-service\tenants\views.py changed, reloading.
Performing system checks...

System check identified no issues (0 silenced).
July 29, 2025 - 17:40:39
Django version 5.2, using settings 'tenant_service.settings'
Starting development server at http://0.0.0.0:8001/
Quit the server with CTRL-BREAK.

WARNING: This is a development server. Do not use it in a production setting. Use a production WSGI or ASGI server instead.
For more information on production servers see: https://docs.djangoproject.com/en/5.2/howto/deployment/
Watching for file changes with StatReloader
INFO 2025-07-29 18:30:36,327 autoreload 24740 9752 Watching for file changes with StatReloader
C:\Users\elvis\AppData\Local\Programs\Python\Python313\Lib\site-packages\coreapi\utils.py:5: UserWarning: pkg_resources is deprecated as an API. See https://setuptools.pypa.io/en/latest/pkg_resources.html. The pkg_resources package is slated for removal as early as 2025-11-30. Refrain from using this package or pin to Setuptools<81.
  import pkg_resources
D:\beenaya-soa\soa\services\tenant-service\tenants\views.py changed, reloading.
INFO 2025-07-29 18:34:04,950 autoreload 24740 9752 D:\beenaya-soa\soa\services\tenant-service\tenants\views.py changed, reloading.
Performing system checks...

System check identified no issues (0 silenced).
July 29, 2025 - 18:30:38
Django version 5.2, using settings 'tenant_service.settings'
Starting development server at http://0.0.0.0:8001/
Quit the server with CTRL-BREAK.

WARNING: This is a development server. Do not use it in a production setting. Use a production WSGI or ASGI server instead.
For more information on production servers see: https://docs.djangoproject.com/en/5.2/howto/deployment/
Watching for file changes with StatReloader
INFO 2025-07-29 18:34:05,897 autoreload 21680 6580 Watching for file changes with StatReloader
C:\Users\elvis\AppData\Local\Programs\Python\Python313\Lib\site-packages\coreapi\utils.py:5: UserWarning: pkg_resources is deprecated as an API. See https://setuptools.pypa.io/en/latest/pkg_resources.html. The pkg_resources package is slated for removal as early as 2025-11-30. Refrain from using this package or pin to Setuptools<81.
  import pkg_resources
D:\beenaya-soa\soa\services\tenant-service\tenants\views.py changed, reloading.
INFO 2025-07-29 18:40:40,356 autoreload 21680 6580 D:\beenaya-soa\soa\services\tenant-service\tenants\views.py changed, reloading.
Performing system checks...

System check identified no issues (0 silenced).
July 29, 2025 - 18:34:07
Django version 5.2, using settings 'tenant_service.settings'
Starting development server at http://0.0.0.0:8001/
Quit the server with CTRL-BREAK.

WARNING: This is a development server. Do not use it in a production setting. Use a production WSGI or ASGI server instead.
For more information on production servers see: https://docs.djangoproject.com/en/5.2/howto/deployment/
Watching for file changes with StatReloader
INFO 2025-07-29 18:40:41,200 autoreload 40820 41464 Watching for file changes with StatReloader
C:\Users\elvis\AppData\Local\Programs\Python\Python313\Lib\site-packages\coreapi\utils.py:5: UserWarning: pkg_resources is deprecated as an API. See https://setuptools.pypa.io/en/latest/pkg_resources.html. The pkg_resources package is slated for removal as early as 2025-11-30. Refrain from using this package or pin to Setuptools<81.
  import pkg_resources
D:\beenaya-soa\soa\services\tenant-service\tenants\views.py changed, reloading.
INFO 2025-07-29 18:42:53,588 autoreload 40820 41464 D:\beenaya-soa\soa\services\tenant-service\tenants\views.py changed, reloading.
Performing system checks...

System check identified no issues (0 silenced).
July 29, 2025 - 18:40:43
Django version 5.2, using settings 'tenant_service.settings'
Starting development server at http://0.0.0.0:8001/
Quit the server with CTRL-BREAK.

WARNING: This is a development server. Do not use it in a production setting. Use a production WSGI or ASGI server instead.
For more information on production servers see: https://docs.djangoproject.com/en/5.2/howto/deployment/
Watching for file changes with StatReloader
INFO 2025-07-29 18:42:54,381 autoreload 31540 30876 Watching for file changes with StatReloader
C:\Users\elvis\AppData\Local\Programs\Python\Python313\Lib\site-packages\coreapi\utils.py:5: UserWarning: pkg_resources is deprecated as an API. See https://setuptools.pypa.io/en/latest/pkg_resources.html. The pkg_resources package is slated for removal as early as 2025-11-30. Refrain from using this package or pin to Setuptools<81.
  import pkg_resources
D:\beenaya-soa\soa\services\tenant-service\tenants\views.py changed, reloading.
INFO 2025-07-29 19:10:00,799 autoreload 31540 30876 D:\beenaya-soa\soa\services\tenant-service\tenants\views.py changed, reloading.
Performing system checks...

System check identified no issues (0 silenced).
July 29, 2025 - 18:42:56
Django version 5.2, using settings 'tenant_service.settings'
Starting development server at http://0.0.0.0:8001/
Quit the server with CTRL-BREAK.

WARNING: This is a development server. Do not use it in a production setting. Use a production WSGI or ASGI server instead.
For more information on production servers see: https://docs.djangoproject.com/en/5.2/howto/deployment/
Watching for file changes with StatReloader
INFO 2025-07-29 19:10:01,606 autoreload 24672 38484 Watching for file changes with StatReloader
C:\Users\elvis\AppData\Local\Programs\Python\Python313\Lib\site-packages\coreapi\utils.py:5: UserWarning: pkg_resources is deprecated as an API. See https://setuptools.pypa.io/en/latest/pkg_resources.html. The pkg_resources package is slated for removal as early as 2025-11-30. Refrain from using this package or pin to Setuptools<81.
  import pkg_resources
D:\beenaya-soa\soa\services\tenant-service\tenants\views.py changed, reloading.
INFO 2025-07-30 10:24:13,309 autoreload 24672 38484 D:\beenaya-soa\soa\services\tenant-service\tenants\views.py changed, reloading.
Performing system checks...

System check identified no issues (0 silenced).
July 29, 2025 - 19:10:03
Django version 5.2, using settings 'tenant_service.settings'
Starting development server at http://0.0.0.0:8001/
Quit the server with CTRL-BREAK.

WARNING: This is a development server. Do not use it in a production setting. Use a production WSGI or ASGI server instead.
For more information on production servers see: https://docs.djangoproject.com/en/5.2/howto/deployment/
Watching for file changes with StatReloader
INFO 2025-07-30 10:24:14,307 autoreload 42536 35708 Watching for file changes with StatReloader
C:\Users\elvis\AppData\Local\Programs\Python\Python313\Lib\site-packages\coreapi\utils.py:5: UserWarning: pkg_resources is deprecated as an API. See https://setuptools.pypa.io/en/latest/pkg_resources.html. The pkg_resources package is slated for removal as early as 2025-11-30. Refrain from using this package or pin to Setuptools<81.
  import pkg_resources
D:\beenaya-soa\soa\services\tenant-service\tenants\urls.py changed, reloading.
INFO 2025-07-30 10:24:33,004 autoreload 42536 35708 D:\beenaya-soa\soa\services\tenant-service\tenants\urls.py changed, reloading.
Performing system checks...

System check identified no issues (0 silenced).
July 30, 2025 - 10:24:16
Django version 5.2, using settings 'tenant_service.settings'
Starting development server at http://0.0.0.0:8001/
Quit the server with CTRL-BREAK.

WARNING: This is a development server. Do not use it in a production setting. Use a production WSGI or ASGI server instead.
For more information on production servers see: https://docs.djangoproject.com/en/5.2/howto/deployment/
Watching for file changes with StatReloader
INFO 2025-07-30 10:24:33,788 autoreload 7016 35340 Watching for file changes with StatReloader
C:\Users\elvis\AppData\Local\Programs\Python\Python313\Lib\site-packages\coreapi\utils.py:5: UserWarning: pkg_resources is deprecated as an API. See https://setuptools.pypa.io/en/latest/pkg_resources.html. The pkg_resources package is slated for removal as early as 2025-11-30. Refrain from using this package or pin to Setuptools<81.
  import pkg_resources
D:\beenaya-soa\soa\services\tenant-service\tenants\urls.py changed, reloading.
INFO 2025-07-30 10:24:48,359 autoreload 7016 35340 D:\beenaya-soa\soa\services\tenant-service\tenants\urls.py changed, reloading.
Performing system checks...

System check identified no issues (0 silenced).
July 30, 2025 - 10:24:35
Django version 5.2, using settings 'tenant_service.settings'
Starting development server at http://0.0.0.0:8001/
Quit the server with CTRL-BREAK.

WARNING: This is a development server. Do not use it in a production setting. Use a production WSGI or ASGI server instead.
For more information on production servers see: https://docs.djangoproject.com/en/5.2/howto/deployment/
Watching for file changes with StatReloader
INFO 2025-07-30 10:24:49,168 autoreload 11820 35808 Watching for file changes with StatReloader
C:\Users\elvis\AppData\Local\Programs\Python\Python313\Lib\site-packages\coreapi\utils.py:5: UserWarning: pkg_resources is deprecated as an API. See https://setuptools.pypa.io/en/latest/pkg_resources.html. The pkg_resources package is slated for removal as early as 2025-11-30. Refrain from using this package or pin to Setuptools<81.
  import pkg_resources
D:\beenaya-soa\soa\services\tenant-service\tenants\urls.py changed, reloading.
INFO 2025-07-30 10:26:42,747 autoreload 11820 35808 D:\beenaya-soa\soa\services\tenant-service\tenants\urls.py changed, reloading.
Performing system checks...

System check identified no issues (0 silenced).
July 30, 2025 - 10:24:51
Django version 5.2, using settings 'tenant_service.settings'
Starting development server at http://0.0.0.0:8001/
Quit the server with CTRL-BREAK.

WARNING: This is a development server. Do not use it in a production setting. Use a production WSGI or ASGI server instead.
For more information on production servers see: https://docs.djangoproject.com/en/5.2/howto/deployment/
Watching for file changes with StatReloader
INFO 2025-07-30 10:26:43,562 autoreload 11560 34672 Watching for file changes with StatReloader
C:\Users\elvis\AppData\Local\Programs\Python\Python313\Lib\site-packages\coreapi\utils.py:5: UserWarning: pkg_resources is deprecated as an API. See https://setuptools.pypa.io/en/latest/pkg_resources.html. The pkg_resources package is slated for removal as early as 2025-11-30. Refrain from using this package or pin to Setuptools<81.
  import pkg_resources
D:\beenaya-soa\soa\services\tenant-service\tenants\urls.py changed, reloading.
INFO 2025-07-30 11:27:19,964 autoreload 11560 34672 D:\beenaya-soa\soa\services\tenant-service\tenants\urls.py changed, reloading.
Performing system checks...

System check identified no issues (0 silenced).
July 30, 2025 - 10:26:45
Django version 5.2, using settings 'tenant_service.settings'
Starting development server at http://0.0.0.0:8001/
Quit the server with CTRL-BREAK.

WARNING: This is a development server. Do not use it in a production setting. Use a production WSGI or ASGI server instead.
For more information on production servers see: https://docs.djangoproject.com/en/5.2/howto/deployment/
Watching for file changes with StatReloader
INFO 2025-07-30 11:27:20,952 autoreload 27180 39312 Watching for file changes with StatReloader
C:\Users\elvis\AppData\Local\Programs\Python\Python313\Lib\site-packages\coreapi\utils.py:5: UserWarning: pkg_resources is deprecated as an API. See https://setuptools.pypa.io/en/latest/pkg_resources.html. The pkg_resources package is slated for removal as early as 2025-11-30. Refrain from using this package or pin to Setuptools<81.
  import pkg_resources
D:\beenaya-soa\soa\services\tenant-service\tenants\urls.py changed, reloading.
INFO 2025-07-30 11:28:24,490 autoreload 27180 39312 D:\beenaya-soa\soa\services\tenant-service\tenants\urls.py changed, reloading.
Performing system checks...

System check identified no issues (0 silenced).
July 30, 2025 - 11:27:22
Django version 5.2, using settings 'tenant_service.settings'
Starting development server at http://0.0.0.0:8001/
Quit the server with CTRL-BREAK.

WARNING: This is a development server. Do not use it in a production setting. Use a production WSGI or ASGI server instead.
For more information on production servers see: https://docs.djangoproject.com/en/5.2/howto/deployment/
Watching for file changes with StatReloader
INFO 2025-07-30 11:28:25,337 autoreload 42144 3764 Watching for file changes with StatReloader
C:\Users\elvis\AppData\Local\Programs\Python\Python313\Lib\site-packages\coreapi\utils.py:5: UserWarning: pkg_resources is deprecated as an API. See https://setuptools.pypa.io/en/latest/pkg_resources.html. The pkg_resources package is slated for removal as early as 2025-11-30. Refrain from using this package or pin to Setuptools<81.
  import pkg_resources
D:\beenaya-soa\soa\services\tenant-service\tenants\urls.py changed, reloading.
INFO 2025-07-30 11:28:32,510 autoreload 42144 3764 D:\beenaya-soa\soa\services\tenant-service\tenants\urls.py changed, reloading.
Performing system checks...

System check identified no issues (0 silenced).
July 30, 2025 - 11:28:27
Django version 5.2, using settings 'tenant_service.settings'
Starting development server at http://0.0.0.0:8001/
Quit the server with CTRL-BREAK.

WARNING: This is a development server. Do not use it in a production setting. Use a production WSGI or ASGI server instead.
For more information on production servers see: https://docs.djangoproject.com/en/5.2/howto/deployment/
Watching for file changes with StatReloader
INFO 2025-07-30 11:28:33,332 autoreload 35996 42120 Watching for file changes with StatReloader
C:\Users\elvis\AppData\Local\Programs\Python\Python313\Lib\site-packages\coreapi\utils.py:5: UserWarning: pkg_resources is deprecated as an API. See https://setuptools.pypa.io/en/latest/pkg_resources.html. The pkg_resources package is slated for removal as early as 2025-11-30. Refrain from using this package or pin to Setuptools<81.
  import pkg_resources
D:\beenaya-soa\soa\services\tenant-service\tenants\models.py changed, reloading.
INFO 2025-07-30 12:04:47,446 autoreload 35996 42120 D:\beenaya-soa\soa\services\tenant-service\tenants\models.py changed, reloading.
Performing system checks...

System check identified no issues (0 silenced).
July 30, 2025 - 11:28:35
Django version 5.2, using settings 'tenant_service.settings'
Starting development server at http://0.0.0.0:8001/
Quit the server with CTRL-BREAK.

WARNING: This is a development server. Do not use it in a production setting. Use a production WSGI or ASGI server instead.
For more information on production servers see: https://docs.djangoproject.com/en/5.2/howto/deployment/
Watching for file changes with StatReloader
INFO 2025-07-30 12:04:48,434 autoreload 22044 35396 Watching for file changes with StatReloader
C:\Users\elvis\AppData\Local\Programs\Python\Python313\Lib\site-packages\coreapi\utils.py:5: UserWarning: pkg_resources is deprecated as an API. See https://setuptools.pypa.io/en/latest/pkg_resources.html. The pkg_resources package is slated for removal as early as 2025-11-30. Refrain from using this package or pin to Setuptools<81.
  import pkg_resources
D:\beenaya-soa\soa\services\tenant-service\tenants\serializers.py changed, reloading.
INFO 2025-07-30 12:05:53,284 autoreload 22044 35396 D:\beenaya-soa\soa\services\tenant-service\tenants\serializers.py changed, reloading.
Performing system checks...

System check identified no issues (0 silenced).
July 30, 2025 - 12:04:50
Django version 5.2, using settings 'tenant_service.settings'
Starting development server at http://0.0.0.0:8001/
Quit the server with CTRL-BREAK.

WARNING: This is a development server. Do not use it in a production setting. Use a production WSGI or ASGI server instead.
For more information on production servers see: https://docs.djangoproject.com/en/5.2/howto/deployment/
Watching for file changes with StatReloader
INFO 2025-07-30 12:05:54,264 autoreload 42740 39624 Watching for file changes with StatReloader
C:\Users\elvis\AppData\Local\Programs\Python\Python313\Lib\site-packages\coreapi\utils.py:5: UserWarning: pkg_resources is deprecated as an API. See https://setuptools.pypa.io/en/latest/pkg_resources.html. The pkg_resources package is slated for removal as early as 2025-11-30. Refrain from using this package or pin to Setuptools<81.
  import pkg_resources
D:\beenaya-soa\soa\services\tenant-service\tenants\views_document_appearance.py changed, reloading.
INFO 2025-07-30 12:06:20,297 autoreload 42740 39624 D:\beenaya-soa\soa\services\tenant-service\tenants\views_document_appearance.py changed, reloading.
Performing system checks...

System check identified no issues (0 silenced).
July 30, 2025 - 12:05:56
Django version 5.2, using settings 'tenant_service.settings'
Starting development server at http://0.0.0.0:8001/
Quit the server with CTRL-BREAK.

WARNING: This is a development server. Do not use it in a production setting. Use a production WSGI or ASGI server instead.
For more information on production servers see: https://docs.djangoproject.com/en/5.2/howto/deployment/
Watching for file changes with StatReloader
INFO 2025-07-30 12:06:21,117 autoreload 37780 34212 Watching for file changes with StatReloader
C:\Users\elvis\AppData\Local\Programs\Python\Python313\Lib\site-packages\coreapi\utils.py:5: UserWarning: pkg_resources is deprecated as an API. See https://setuptools.pypa.io/en/latest/pkg_resources.html. The pkg_resources package is slated for removal as early as 2025-11-30. Refrain from using this package or pin to Setuptools<81.
  import pkg_resources
D:\beenaya-soa\soa\services\tenant-service\tenants\views_document_appearance.py changed, reloading.
INFO 2025-07-30 12:06:41,949 autoreload 37780 34212 D:\beenaya-soa\soa\services\tenant-service\tenants\views_document_appearance.py changed, reloading.
Performing system checks...

System check identified no issues (0 silenced).
July 30, 2025 - 12:06:23
Django version 5.2, using settings 'tenant_service.settings'
Starting development server at http://0.0.0.0:8001/
Quit the server with CTRL-BREAK.

WARNING: This is a development server. Do not use it in a production setting. Use a production WSGI or ASGI server instead.
For more information on production servers see: https://docs.djangoproject.com/en/5.2/howto/deployment/
Watching for file changes with StatReloader
INFO 2025-07-30 12:06:42,829 autoreload 8220 11124 Watching for file changes with StatReloader
C:\Users\elvis\AppData\Local\Programs\Python\Python313\Lib\site-packages\coreapi\utils.py:5: UserWarning: pkg_resources is deprecated as an API. See https://setuptools.pypa.io/en/latest/pkg_resources.html. The pkg_resources package is slated for removal as early as 2025-11-30. Refrain from using this package or pin to Setuptools<81.
  import pkg_resources
D:\beenaya-soa\soa\services\tenant-service\tenants\urls.py changed, reloading.
INFO 2025-07-30 12:06:55,488 autoreload 8220 11124 D:\beenaya-soa\soa\services\tenant-service\tenants\urls.py changed, reloading.
Performing system checks...

System check identified no issues (0 silenced).
July 30, 2025 - 12:06:44
Django version 5.2, using settings 'tenant_service.settings'
Starting development server at http://0.0.0.0:8001/
Quit the server with CTRL-BREAK.

WARNING: This is a development server. Do not use it in a production setting. Use a production WSGI or ASGI server instead.
For more information on production servers see: https://docs.djangoproject.com/en/5.2/howto/deployment/
Watching for file changes with StatReloader
INFO 2025-07-30 12:06:56,279 autoreload 36588 24976 Watching for file changes with StatReloader
C:\Users\elvis\AppData\Local\Programs\Python\Python313\Lib\site-packages\coreapi\utils.py:5: UserWarning: pkg_resources is deprecated as an API. See https://setuptools.pypa.io/en/latest/pkg_resources.html. The pkg_resources package is slated for removal as early as 2025-11-30. Refrain from using this package or pin to Setuptools<81.
  import pkg_resources
D:\beenaya-soa\soa\services\tenant-service\tenants\urls.py changed, reloading.
INFO 2025-07-30 12:07:11,926 autoreload 36588 24976 D:\beenaya-soa\soa\services\tenant-service\tenants\urls.py changed, reloading.
Performing system checks...

System check identified no issues (0 silenced).
July 30, 2025 - 12:06:58
Django version 5.2, using settings 'tenant_service.settings'
Starting development server at http://0.0.0.0:8001/
Quit the server with CTRL-BREAK.

WARNING: This is a development server. Do not use it in a production setting. Use a production WSGI or ASGI server instead.
For more information on production servers see: https://docs.djangoproject.com/en/5.2/howto/deployment/
Watching for file changes with StatReloader
INFO 2025-07-30 12:07:12,882 autoreload 26100 20468 Watching for file changes with StatReloader
C:\Users\elvis\AppData\Local\Programs\Python\Python313\Lib\site-packages\coreapi\utils.py:5: UserWarning: pkg_resources is deprecated as an API. See https://setuptools.pypa.io/en/latest/pkg_resources.html. The pkg_resources package is slated for removal as early as 2025-11-30. Refrain from using this package or pin to Setuptools<81.
  import pkg_resources
D:\beenaya-soa\soa\services\tenant-service\tenants\models.py changed, reloading.
INFO 2025-07-30 12:20:56,320 autoreload 26100 20468 D:\beenaya-soa\soa\services\tenant-service\tenants\models.py changed, reloading.
Performing system checks...

System check identified no issues (0 silenced).
July 30, 2025 - 12:07:14
Django version 5.2, using settings 'tenant_service.settings'
Starting development server at http://0.0.0.0:8001/
Quit the server with CTRL-BREAK.

WARNING: This is a development server. Do not use it in a production setting. Use a production WSGI or ASGI server instead.
For more information on production servers see: https://docs.djangoproject.com/en/5.2/howto/deployment/
Watching for file changes with StatReloader
INFO 2025-07-30 12:20:57,038 autoreload 32316 32300 Watching for file changes with StatReloader
C:\Users\elvis\AppData\Local\Programs\Python\Python313\Lib\site-packages\coreapi\utils.py:5: UserWarning: pkg_resources is deprecated as an API. See https://setuptools.pypa.io/en/latest/pkg_resources.html. The pkg_resources package is slated for removal as early as 2025-11-30. Refrain from using this package or pin to Setuptools<81.
  import pkg_resources
D:\beenaya-soa\soa\services\tenant-service\tenants\serializers.py changed, reloading.
INFO 2025-07-30 12:21:31,391 autoreload 32316 32300 D:\beenaya-soa\soa\services\tenant-service\tenants\serializers.py changed, reloading.
Performing system checks...

System check identified no issues (0 silenced).
July 30, 2025 - 12:20:58
Django version 5.2, using settings 'tenant_service.settings'
Starting development server at http://0.0.0.0:8001/
Quit the server with CTRL-BREAK.

WARNING: This is a development server. Do not use it in a production setting. Use a production WSGI or ASGI server instead.
For more information on production servers see: https://docs.djangoproject.com/en/5.2/howto/deployment/
Watching for file changes with StatReloader
INFO 2025-07-30 12:21:32,118 autoreload 31640 29476 Watching for file changes with StatReloader
C:\Users\elvis\AppData\Local\Programs\Python\Python313\Lib\site-packages\coreapi\utils.py:5: UserWarning: pkg_resources is deprecated as an API. See https://setuptools.pypa.io/en/latest/pkg_resources.html. The pkg_resources package is slated for removal as early as 2025-11-30. Refrain from using this package or pin to Setuptools<81.
  import pkg_resources
D:\beenaya-soa\soa\services\tenant-service\tenants\views_document_appearance.py changed, reloading.
INFO 2025-07-30 12:21:40,414 autoreload 31640 29476 D:\beenaya-soa\soa\services\tenant-service\tenants\views_document_appearance.py changed, reloading.
Performing system checks...

System check identified no issues (0 silenced).
July 30, 2025 - 12:21:33
Django version 5.2, using settings 'tenant_service.settings'
Starting development server at http://0.0.0.0:8001/
Quit the server with CTRL-BREAK.

WARNING: This is a development server. Do not use it in a production setting. Use a production WSGI or ASGI server instead.
For more information on production servers see: https://docs.djangoproject.com/en/5.2/howto/deployment/
Watching for file changes with StatReloader
INFO 2025-07-30 12:21:41,203 autoreload 42372 12456 Watching for file changes with StatReloader
C:\Users\elvis\AppData\Local\Programs\Python\Python313\Lib\site-packages\coreapi\utils.py:5: UserWarning: pkg_resources is deprecated as an API. See https://setuptools.pypa.io/en/latest/pkg_resources.html. The pkg_resources package is slated for removal as early as 2025-11-30. Refrain from using this package or pin to Setuptools<81.
  import pkg_resources
D:\beenaya-soa\soa\services\tenant-service\tenants\views_document_appearance.py changed, reloading.
INFO 2025-07-30 12:21:53,683 autoreload 42372 12456 D:\beenaya-soa\soa\services\tenant-service\tenants\views_document_appearance.py changed, reloading.
Performing system checks...

System check identified no issues (0 silenced).
July 30, 2025 - 12:21:43
Django version 5.2, using settings 'tenant_service.settings'
Starting development server at http://0.0.0.0:8001/
Quit the server with CTRL-BREAK.

WARNING: This is a development server. Do not use it in a production setting. Use a production WSGI or ASGI server instead.
For more information on production servers see: https://docs.djangoproject.com/en/5.2/howto/deployment/
Watching for file changes with StatReloader
INFO 2025-07-30 12:21:54,574 autoreload 41880 42964 Watching for file changes with StatReloader
C:\Users\elvis\AppData\Local\Programs\Python\Python313\Lib\site-packages\coreapi\utils.py:5: UserWarning: pkg_resources is deprecated as an API. See https://setuptools.pypa.io/en/latest/pkg_resources.html. The pkg_resources package is slated for removal as early as 2025-11-30. Refrain from using this package or pin to Setuptools<81.
  import pkg_resources
D:\beenaya-soa\soa\services\tenant-service\tenants\urls.py changed, reloading.
INFO 2025-07-30 12:22:02,887 autoreload 41880 42964 D:\beenaya-soa\soa\services\tenant-service\tenants\urls.py changed, reloading.
Performing system checks...

System check identified no issues (0 silenced).
July 30, 2025 - 12:21:56
Django version 5.2, using settings 'tenant_service.settings'
Starting development server at http://0.0.0.0:8001/
Quit the server with CTRL-BREAK.

WARNING: This is a development server. Do not use it in a production setting. Use a production WSGI or ASGI server instead.
For more information on production servers see: https://docs.djangoproject.com/en/5.2/howto/deployment/
Watching for file changes with StatReloader
INFO 2025-07-30 12:22:03,745 autoreload 25440 42912 Watching for file changes with StatReloader
C:\Users\elvis\AppData\Local\Programs\Python\Python313\Lib\site-packages\coreapi\utils.py:5: UserWarning: pkg_resources is deprecated as an API. See https://setuptools.pypa.io/en/latest/pkg_resources.html. The pkg_resources package is slated for removal as early as 2025-11-30. Refrain from using this package or pin to Setuptools<81.
  import pkg_resources
D:\beenaya-soa\soa\services\tenant-service\tenants\urls.py changed, reloading.
INFO 2025-07-30 12:22:11,046 autoreload 25440 42912 D:\beenaya-soa\soa\services\tenant-service\tenants\urls.py changed, reloading.
Performing system checks...

System check identified no issues (0 silenced).
July 30, 2025 - 12:22:05
Django version 5.2, using settings 'tenant_service.settings'
Starting development server at http://0.0.0.0:8001/
Quit the server with CTRL-BREAK.

WARNING: This is a development server. Do not use it in a production setting. Use a production WSGI or ASGI server instead.
For more information on production servers see: https://docs.djangoproject.com/en/5.2/howto/deployment/
Watching for file changes with StatReloader
INFO 2025-07-30 12:22:11,823 autoreload 41108 35120 Watching for file changes with StatReloader
C:\Users\elvis\AppData\Local\Programs\Python\Python313\Lib\site-packages\coreapi\utils.py:5: UserWarning: pkg_resources is deprecated as an API. See https://setuptools.pypa.io/en/latest/pkg_resources.html. The pkg_resources package is slated for removal as early as 2025-11-30. Refrain from using this package or pin to Setuptools<81.
  import pkg_resources
D:\beenaya-soa\soa\services\tenant-service\tenants\models.py changed, reloading.
INFO 2025-07-30 16:09:33,588 autoreload 41108 35120 D:\beenaya-soa\soa\services\tenant-service\tenants\models.py changed, reloading.
Performing system checks...

System check identified no issues (0 silenced).
July 30, 2025 - 12:22:13
Django version 5.2, using settings 'tenant_service.settings'
Starting development server at http://0.0.0.0:8001/
Quit the server with CTRL-BREAK.

WARNING: This is a development server. Do not use it in a production setting. Use a production WSGI or ASGI server instead.
For more information on production servers see: https://docs.djangoproject.com/en/5.2/howto/deployment/
Watching for file changes with StatReloader
INFO 2025-07-30 16:09:34,649 autoreload 3020 26908 Watching for file changes with StatReloader
C:\Users\elvis\AppData\Local\Programs\Python\Python313\Lib\site-packages\coreapi\utils.py:5: UserWarning: pkg_resources is deprecated as an API. See https://setuptools.pypa.io/en/latest/pkg_resources.html. The pkg_resources package is slated for removal as early as 2025-11-30. Refrain from using this package or pin to Setuptools<81.
  import pkg_resources
D:\beenaya-soa\soa\services\tenant-service\tenants\models.py changed, reloading.
INFO 2025-07-30 16:09:48,416 autoreload 3020 26908 D:\beenaya-soa\soa\services\tenant-service\tenants\models.py changed, reloading.
Performing system checks...

System check identified no issues (0 silenced).
July 30, 2025 - 16:09:36
Django version 5.2, using settings 'tenant_service.settings'
Starting development server at http://0.0.0.0:8001/
Quit the server with CTRL-BREAK.

WARNING: This is a development server. Do not use it in a production setting. Use a production WSGI or ASGI server instead.
For more information on production servers see: https://docs.djangoproject.com/en/5.2/howto/deployment/
Watching for file changes with StatReloader
INFO 2025-07-30 16:09:49,402 autoreload 28664 40984 Watching for file changes with StatReloader
C:\Users\elvis\AppData\Local\Programs\Python\Python313\Lib\site-packages\coreapi\utils.py:5: UserWarning: pkg_resources is deprecated as an API. See https://setuptools.pypa.io/en/latest/pkg_resources.html. The pkg_resources package is slated for removal as early as 2025-11-30. Refrain from using this package or pin to Setuptools<81.
  import pkg_resources
D:\beenaya-soa\soa\services\tenant-service\tenants\serializers.py changed, reloading.
INFO 2025-07-30 16:10:30,159 autoreload 28664 40984 D:\beenaya-soa\soa\services\tenant-service\tenants\serializers.py changed, reloading.
Performing system checks...

System check identified no issues (0 silenced).
July 30, 2025 - 16:09:51
Django version 5.2, using settings 'tenant_service.settings'
Starting development server at http://0.0.0.0:8001/
Quit the server with CTRL-BREAK.

WARNING: This is a development server. Do not use it in a production setting. Use a production WSGI or ASGI server instead.
For more information on production servers see: https://docs.djangoproject.com/en/5.2/howto/deployment/
Watching for file changes with StatReloader
INFO 2025-07-30 16:10:31,167 autoreload 3764 22044 Watching for file changes with StatReloader
C:\Users\elvis\AppData\Local\Programs\Python\Python313\Lib\site-packages\coreapi\utils.py:5: UserWarning: pkg_resources is deprecated as an API. See https://setuptools.pypa.io/en/latest/pkg_resources.html. The pkg_resources package is slated for removal as early as 2025-11-30. Refrain from using this package or pin to Setuptools<81.
  import pkg_resources
D:\beenaya-soa\soa\services\tenant-service\tenants\serializers.py changed, reloading.
INFO 2025-07-30 16:10:49,995 autoreload 3764 22044 D:\beenaya-soa\soa\services\tenant-service\tenants\serializers.py changed, reloading.
Performing system checks...

System check identified no issues (0 silenced).
July 30, 2025 - 16:10:33
Django version 5.2, using settings 'tenant_service.settings'
Starting development server at http://0.0.0.0:8001/
Quit the server with CTRL-BREAK.

WARNING: This is a development server. Do not use it in a production setting. Use a production WSGI or ASGI server instead.
For more information on production servers see: https://docs.djangoproject.com/en/5.2/howto/deployment/
Watching for file changes with StatReloader
INFO 2025-07-30 16:10:50,883 autoreload 39020 4456 Watching for file changes with StatReloader
C:\Users\elvis\AppData\Local\Programs\Python\Python313\Lib\site-packages\coreapi\utils.py:5: UserWarning: pkg_resources is deprecated as an API. See https://setuptools.pypa.io/en/latest/pkg_resources.html. The pkg_resources package is slated for removal as early as 2025-11-30. Refrain from using this package or pin to Setuptools<81.
  import pkg_resources
D:\beenaya-soa\soa\services\tenant-service\tenants\views_document_appearance.py changed, reloading.
INFO 2025-07-30 16:11:47,211 autoreload 39020 4456 D:\beenaya-soa\soa\services\tenant-service\tenants\views_document_appearance.py changed, reloading.
Performing system checks...

System check identified no issues (0 silenced).
July 30, 2025 - 16:10:52
Django version 5.2, using settings 'tenant_service.settings'
Starting development server at http://0.0.0.0:8001/
Quit the server with CTRL-BREAK.

WARNING: This is a development server. Do not use it in a production setting. Use a production WSGI or ASGI server instead.
For more information on production servers see: https://docs.djangoproject.com/en/5.2/howto/deployment/
Watching for file changes with StatReloader
INFO 2025-07-30 16:11:48,126 autoreload 10656 39880 Watching for file changes with StatReloader
C:\Users\elvis\AppData\Local\Programs\Python\Python313\Lib\site-packages\coreapi\utils.py:5: UserWarning: pkg_resources is deprecated as an API. See https://setuptools.pypa.io/en/latest/pkg_resources.html. The pkg_resources package is slated for removal as early as 2025-11-30. Refrain from using this package or pin to Setuptools<81.
  import pkg_resources
D:\beenaya-soa\soa\services\tenant-service\tenants\urls.py changed, reloading.
INFO 2025-07-30 16:12:00,636 autoreload 10656 39880 D:\beenaya-soa\soa\services\tenant-service\tenants\urls.py changed, reloading.
Performing system checks...

System check identified no issues (0 silenced).
July 30, 2025 - 16:11:50
Django version 5.2, using settings 'tenant_service.settings'
Starting development server at http://0.0.0.0:8001/
Quit the server with CTRL-BREAK.

WARNING: This is a development server. Do not use it in a production setting. Use a production WSGI or ASGI server instead.
For more information on production servers see: https://docs.djangoproject.com/en/5.2/howto/deployment/
Watching for file changes with StatReloader
INFO 2025-07-30 16:12:01,488 autoreload 28424 25908 Watching for file changes with StatReloader
C:\Users\elvis\AppData\Local\Programs\Python\Python313\Lib\site-packages\coreapi\utils.py:5: UserWarning: pkg_resources is deprecated as an API. See https://setuptools.pypa.io/en/latest/pkg_resources.html. The pkg_resources package is slated for removal as early as 2025-11-30. Refrain from using this package or pin to Setuptools<81.
  import pkg_resources
D:\beenaya-soa\soa\services\tenant-service\tenants\urls.py changed, reloading.
INFO 2025-07-30 16:12:11,969 autoreload 28424 25908 D:\beenaya-soa\soa\services\tenant-service\tenants\urls.py changed, reloading.
Performing system checks...

System check identified no issues (0 silenced).
July 30, 2025 - 16:12:03
Django version 5.2, using settings 'tenant_service.settings'
Starting development server at http://0.0.0.0:8001/
Quit the server with CTRL-BREAK.

WARNING: This is a development server. Do not use it in a production setting. Use a production WSGI or ASGI server instead.
For more information on production servers see: https://docs.djangoproject.com/en/5.2/howto/deployment/
Watching for file changes with StatReloader
INFO 2025-07-30 16:12:12,719 autoreload 41960 8804 Watching for file changes with StatReloader
C:\Users\elvis\AppData\Local\Programs\Python\Python313\Lib\site-packages\coreapi\utils.py:5: UserWarning: pkg_resources is deprecated as an API. See https://setuptools.pypa.io/en/latest/pkg_resources.html. The pkg_resources package is slated for removal as early as 2025-11-30. Refrain from using this package or pin to Setuptools<81.
  import pkg_resources
D:\beenaya-soa\soa\services\tenant-service\tenants\models.py changed, reloading.
INFO 2025-08-01 09:21:10,247 autoreload 41960 8804 D:\beenaya-soa\soa\services\tenant-service\tenants\models.py changed, reloading.
Performing system checks...

System check identified no issues (0 silenced).
July 30, 2025 - 16:12:14
Django version 5.2, using settings 'tenant_service.settings'
Starting development server at http://0.0.0.0:8001/
Quit the server with CTRL-BREAK.

WARNING: This is a development server. Do not use it in a production setting. Use a production WSGI or ASGI server instead.
For more information on production servers see: https://docs.djangoproject.com/en/5.2/howto/deployment/
Watching for file changes with StatReloader
INFO 2025-08-01 09:21:11,724 autoreload 19416 25928 Watching for file changes with StatReloader
C:\Users\elvis\AppData\Local\Programs\Python\Python313\Lib\site-packages\coreapi\utils.py:5: UserWarning: pkg_resources is deprecated as an API. See https://setuptools.pypa.io/en/latest/pkg_resources.html. The pkg_resources package is slated for removal as early as 2025-11-30. Refrain from using this package or pin to Setuptools<81.
  import pkg_resources
D:\beenaya-soa\soa\services\tenant-service\tenants\models.py changed, reloading.
INFO 2025-08-01 09:21:23,421 autoreload 19416 25928 D:\beenaya-soa\soa\services\tenant-service\tenants\models.py changed, reloading.
Performing system checks...

System check identified no issues (0 silenced).
August 01, 2025 - 09:21:13
Django version 5.2, using settings 'tenant_service.settings'
Starting development server at http://0.0.0.0:8001/
Quit the server with CTRL-BREAK.

WARNING: This is a development server. Do not use it in a production setting. Use a production WSGI or ASGI server instead.
For more information on production servers see: https://docs.djangoproject.com/en/5.2/howto/deployment/
Watching for file changes with StatReloader
INFO 2025-08-01 09:21:24,166 autoreload 34072 47308 Watching for file changes with StatReloader
C:\Users\elvis\AppData\Local\Programs\Python\Python313\Lib\site-packages\coreapi\utils.py:5: UserWarning: pkg_resources is deprecated as an API. See https://setuptools.pypa.io/en/latest/pkg_resources.html. The pkg_resources package is slated for removal as early as 2025-11-30. Refrain from using this package or pin to Setuptools<81.
  import pkg_resources
D:\beenaya-soa\soa\services\tenant-service\tenants\serializers.py changed, reloading.
INFO 2025-08-01 09:22:28,729 autoreload 34072 47308 D:\beenaya-soa\soa\services\tenant-service\tenants\serializers.py changed, reloading.
Performing system checks...

System check identified no issues (0 silenced).
August 01, 2025 - 09:21:26
Django version 5.2, using settings 'tenant_service.settings'
Starting development server at http://0.0.0.0:8001/
Quit the server with CTRL-BREAK.

WARNING: This is a development server. Do not use it in a production setting. Use a production WSGI or ASGI server instead.
For more information on production servers see: https://docs.djangoproject.com/en/5.2/howto/deployment/
Watching for file changes with StatReloader
INFO 2025-08-01 09:22:29,522 autoreload 25828 20640 Watching for file changes with StatReloader
C:\Users\elvis\AppData\Local\Programs\Python\Python313\Lib\site-packages\coreapi\utils.py:5: UserWarning: pkg_resources is deprecated as an API. See https://setuptools.pypa.io/en/latest/pkg_resources.html. The pkg_resources package is slated for removal as early as 2025-11-30. Refrain from using this package or pin to Setuptools<81.
  import pkg_resources
D:\beenaya-soa\soa\services\tenant-service\tenants\serializers.py changed, reloading.
INFO 2025-08-01 09:22:40,935 autoreload 25828 20640 D:\beenaya-soa\soa\services\tenant-service\tenants\serializers.py changed, reloading.
Performing system checks...

System check identified no issues (0 silenced).
August 01, 2025 - 09:22:31
Django version 5.2, using settings 'tenant_service.settings'
Starting development server at http://0.0.0.0:8001/
Quit the server with CTRL-BREAK.

WARNING: This is a development server. Do not use it in a production setting. Use a production WSGI or ASGI server instead.
For more information on production servers see: https://docs.djangoproject.com/en/5.2/howto/deployment/
Watching for file changes with StatReloader
INFO 2025-08-01 09:22:41,611 autoreload 38604 40076 Watching for file changes with StatReloader
C:\Users\elvis\AppData\Local\Programs\Python\Python313\Lib\site-packages\coreapi\utils.py:5: UserWarning: pkg_resources is deprecated as an API. See https://setuptools.pypa.io/en/latest/pkg_resources.html. The pkg_resources package is slated for removal as early as 2025-11-30. Refrain from using this package or pin to Setuptools<81.
  import pkg_resources
D:\beenaya-soa\soa\services\tenant-service\tenants\views_document_appearance.py changed, reloading.
INFO 2025-08-01 23:35:08,624 autoreload 38604 40076 D:\beenaya-soa\soa\services\tenant-service\tenants\views_document_appearance.py changed, reloading.
Performing system checks...

System check identified no issues (0 silenced).
August 01, 2025 - 09:22:43
Django version 5.2, using settings 'tenant_service.settings'
Starting development server at http://0.0.0.0:8001/
Quit the server with CTRL-BREAK.

WARNING: This is a development server. Do not use it in a production setting. Use a production WSGI or ASGI server instead.
For more information on production servers see: https://docs.djangoproject.com/en/5.2/howto/deployment/
Watching for file changes with StatReloader
INFO 2025-08-01 23:35:11,488 autoreload 4056 31036 Watching for file changes with StatReloader
C:\Users\elvis\AppData\Local\Programs\Python\Python313\Lib\site-packages\coreapi\utils.py:5: UserWarning: pkg_resources is deprecated as an API. See https://setuptools.pypa.io/en/latest/pkg_resources.html. The pkg_resources package is slated for removal as early as 2025-11-30. Refrain from using this package or pin to Setuptools<81.
  import pkg_resources
